[ 2017-11-07T17:00:03+08:00 ] ::1 /Cache/clear.html
INFO: [ app_init ] --START--
INFO: Run Behavior\BuildLiteBehavior [ RunTime:0.000000s ]
INFO: [ app_init ] --END-- [ RunTime:0.001000s ]
INFO: [ app_begin ] --START--
INFO: Run Behavior\ReadHtmlCacheBehavior [ RunTime:0.001000s ]
INFO: [ app_begin ] --END-- [ RunTime:0.001000s ]
SQL: SHOW COLUMNS FROM `xy_admin_setting` [ RunTime:0.0010s ]
SQL: SELECT `k`,`v` FROM `xy_admin_setting`  [ RunTime:0.0000s ]
NOTIC: [8] Undefined variable: config D:\wamp64\www\xiangyou\wxapp\App\Common\Common\function.php 第 50 行.
NOTIC: [8] A session had already been started - ignoring session_start() D:\wamp64\www\xiangyou\wxapp\App\Admin\Controller\ComController.class.php 第 128 行.
SQL: SHOW COLUMNS FROM `xy_auth_group_access` [ RunTime:0.0010s ]
SQL: SELECT * FROM `xy_auth_group_access` WHERE `uid` = 1 LIMIT 1   [ RunTime:0.0000s ]
SQL: SHOW COLUMNS FROM `xy_admins` [ RunTime:0.0010s ]
NOTIC: [8] Undefined index: id D:\wamp64\www\xiangyou\wxapp\App\Admin\Controller\ComController.class.php 第 42 行.
SQL: SELECT * FROM `xy_admins` WHERE `id` = null LIMIT 1   [ RunTime:0.0010s ]
INFO: [ view_parse ] --START--
INFO: [ template_filter ] --START--
INFO: Run Behavior\ContentReplaceBehavior [ RunTime:0.000000s ]
INFO: [ template_filter ] --END-- [ RunTime:0.000000s ]
INFO: Run Behavior\ParseTemplateBehavior [ RunTime:0.009001s ]
INFO: [ view_parse ] --END-- [ RunTime:0.009001s ]
INFO: [ view_filter ] --START--
INFO: Run Behavior\WriteHtmlCacheBehavior [ RunTime:0.000000s ]
INFO: [ view_filter ] --END-- [ RunTime:0.002000s ]
INFO: [ app_end ] --START--
INFO: Run Behavior\ShowPageTraceBehavior [ RunTime:0.001000s ]
INFO: [ app_end ] --END-- [ RunTime:0.002000s ]

[ 2017-11-07T17:00:04+08:00 ] ::1 /index/index.html
INFO: [ app_init ] --START--
INFO: Run Behavior\BuildLiteBehavior [ RunTime:0.000000s ]
INFO: [ app_init ] --END-- [ RunTime:0.000000s ]
INFO: [ app_begin ] --START--
INFO: Run Behavior\ReadHtmlCacheBehavior [ RunTime:0.001000s ]
INFO: [ app_begin ] --END-- [ RunTime:0.001000s ]
SQL: SHOW COLUMNS FROM `xy_admin_setting` [ RunTime:0.0010s ]
SQL: SELECT `k`,`v` FROM `xy_admin_setting`  [ RunTime:0.0000s ]
NOTIC: [8] Undefined variable: config D:\wamp64\www\xiangyou\wxapp\App\Common\Common\function.php 第 50 行.
NOTIC: [8] A session had already been started - ignoring session_start() D:\wamp64\www\xiangyou\wxapp\App\Admin\Controller\ComController.class.php 第 128 行.
SQL: SHOW COLUMNS FROM `xy_auth_group_access` [ RunTime:0.0010s ]
SQL: SELECT * FROM `xy_auth_group_access` WHERE `uid` = 1 LIMIT 1   [ RunTime:0.0000s ]
SQL: SHOW COLUMNS FROM `xy_admins` [ RunTime:0.0000s ]
NOTIC: [8] Undefined index: id D:\wamp64\www\xiangyou\wxapp\App\Admin\Controller\ComController.class.php 第 42 行.
SQL: SELECT * FROM `xy_admins` WHERE `id` = null LIMIT 1   [ RunTime:0.0000s ]
INFO: [ view_parse ] --START--
INFO: [ template_filter ] --START--
INFO: Run Behavior\ContentReplaceBehavior [ RunTime:0.001000s ]
INFO: [ template_filter ] --END-- [ RunTime:0.001000s ]
NOTIC: [8] Undefined variable: user D:\wamp64\www\xiangyou\wxapp\App\Runtime\Cache\Admin\9df924d9a2d217daa77a359c5bee0c33.php 第 39 行.
NOTIC: [8] Undefined variable: user D:\wamp64\www\xiangyou\wxapp\App\Runtime\Cache\Admin\9df924d9a2d217daa77a359c5bee0c33.php 第 42 行.
NOTIC: [8] Undefined variable: menu D:\wamp64\www\xiangyou\wxapp\App\Runtime\Cache\Admin\9df924d9a2d217daa77a359c5bee0c33.php 第 56 行.
NOTIC: [8] Undefined variable: juror D:\wamp64\www\xiangyou\wxapp\App\Runtime\Cache\Admin\9df924d9a2d217daa77a359c5bee0c33.php 第 182 行.
INFO: Run Behavior\ParseTemplateBehavior [ RunTime:0.030002s ]
INFO: [ view_parse ] --END-- [ RunTime:0.030002s ]
INFO: [ view_filter ] --START--
INFO: Run Behavior\WriteHtmlCacheBehavior [ RunTime:0.000000s ]
INFO: [ view_filter ] --END-- [ RunTime:0.001000s ]
INFO: [ app_end ] --START--
INFO: Run Behavior\ShowPageTraceBehavior [ RunTime:0.001000s ]
INFO: [ app_end ] --END-- [ RunTime:0.001000s ]

[ 2017-11-07T17:00:04+08:00 ] ::1 /Index/Index/main.html
INFO: [ app_init ] --START--
INFO: Run Behavior\BuildLiteBehavior [ RunTime:0.000000s ]
INFO: [ app_init ] --END-- [ RunTime:0.001000s ]
INFO: [ app_begin ] --START--
INFO: Run Behavior\ReadHtmlCacheBehavior [ RunTime:0.002000s ]
INFO: [ app_begin ] --END-- [ RunTime:0.002000s ]
SQL: SHOW COLUMNS FROM `xy_admin_setting` [ RunTime:0.0010s ]
SQL: SELECT `k`,`v` FROM `xy_admin_setting`  [ RunTime:0.0010s ]
NOTIC: [8] Undefined variable: config D:\wamp64\www\xiangyou\wxapp\App\Common\Common\function.php 第 50 行.
NOTIC: [8] A session had already been started - ignoring session_start() D:\wamp64\www\xiangyou\wxapp\App\Admin\Controller\ComController.class.php 第 128 行.
SQL: SHOW COLUMNS FROM `xy_auth_group_access` [ RunTime:0.0010s ]
SQL: SELECT * FROM `xy_auth_group_access` WHERE `uid` = 1 LIMIT 1   [ RunTime:0.0000s ]
SQL: SHOW COLUMNS FROM `xy_admins` [ RunTime:0.0000s ]
NOTIC: [8] Undefined index: id D:\wamp64\www\xiangyou\wxapp\App\Admin\Controller\ComController.class.php 第 42 行.
SQL: SELECT * FROM `xy_admins` WHERE `id` = null LIMIT 1   [ RunTime:0.0000s ]
INFO: [ view_parse ] --START--
INFO: [ template_filter ] --START--
INFO: Run Behavior\ContentReplaceBehavior [ RunTime:0.000000s ]
INFO: [ template_filter ] --END-- [ RunTime:0.000000s ]
INFO: Run Behavior\ParseTemplateBehavior [ RunTime:0.011000s ]
INFO: [ view_parse ] --END-- [ RunTime:0.011000s ]
INFO: [ view_filter ] --START--
INFO: Run Behavior\WriteHtmlCacheBehavior [ RunTime:0.001000s ]
INFO: [ view_filter ] --END-- [ RunTime:0.001000s ]
INFO: [ app_end ] --START--
INFO: Run Behavior\ShowPageTraceBehavior [ RunTime:0.001000s ]
INFO: [ app_end ] --END-- [ RunTime:0.001000s ]

[ 2017-11-07T17:00:05+08:00 ] ::1 /Index/index.html
INFO: [ app_init ] --START--
INFO: Run Behavior\BuildLiteBehavior [ RunTime:0.000000s ]
INFO: [ app_init ] --END-- [ RunTime:0.001000s ]
INFO: [ app_begin ] --START--
INFO: Run Behavior\ReadHtmlCacheBehavior [ RunTime:0.001000s ]
INFO: [ app_begin ] --END-- [ RunTime:0.001000s ]
SQL: SHOW COLUMNS FROM `xy_admin_setting` [ RunTime:0.0000s ]
SQL: SELECT `k`,`v` FROM `xy_admin_setting`  [ RunTime:0.0000s ]
NOTIC: [8] Undefined variable: config D:\wamp64\www\xiangyou\wxapp\App\Common\Common\function.php 第 50 行.
NOTIC: [8] A session had already been started - ignoring session_start() D:\wamp64\www\xiangyou\wxapp\App\Admin\Controller\ComController.class.php 第 128 行.
SQL: SHOW COLUMNS FROM `xy_auth_group_access` [ RunTime:0.0000s ]
SQL: SELECT * FROM `xy_auth_group_access` WHERE `uid` = 1 LIMIT 1   [ RunTime:0.0000s ]
SQL: SHOW COLUMNS FROM `xy_admins` [ RunTime:0.0000s ]
NOTIC: [8] Undefined index: id D:\wamp64\www\xiangyou\wxapp\App\Admin\Controller\ComController.class.php 第 42 行.
SQL: SELECT * FROM `xy_admins` WHERE `id` = null LIMIT 1   [ RunTime:0.0000s ]
INFO: [ view_parse ] --START--
INFO: [ template_filter ] --START--
INFO: Run Behavior\ContentReplaceBehavior [ RunTime:0.000000s ]
INFO: [ template_filter ] --END-- [ RunTime:0.000000s ]
NOTIC: [8] Undefined variable: user D:\wamp64\www\xiangyou\wxapp\App\Runtime\Cache\Admin\9df924d9a2d217daa77a359c5bee0c33.php 第 39 行.
NOTIC: [8] Undefined variable: user D:\wamp64\www\xiangyou\wxapp\App\Runtime\Cache\Admin\9df924d9a2d217daa77a359c5bee0c33.php 第 42 行.
NOTIC: [8] Undefined variable: menu D:\wamp64\www\xiangyou\wxapp\App\Runtime\Cache\Admin\9df924d9a2d217daa77a359c5bee0c33.php 第 56 行.
NOTIC: [8] Undefined variable: juror D:\wamp64\www\xiangyou\wxapp\App\Runtime\Cache\Admin\9df924d9a2d217daa77a359c5bee0c33.php 第 182 行.
INFO: Run Behavior\ParseTemplateBehavior [ RunTime:0.032002s ]
INFO: [ view_parse ] --END-- [ RunTime:0.032002s ]
INFO: [ view_filter ] --START--
INFO: Run Behavior\WriteHtmlCacheBehavior [ RunTime:0.001000s ]
INFO: [ view_filter ] --END-- [ RunTime:0.001000s ]
INFO: [ app_end ] --START--
INFO: Run Behavior\ShowPageTraceBehavior [ RunTime:0.001000s ]
INFO: [ app_end ] --END-- [ RunTime:0.001000s ]

[ 2017-11-07T17:00:05+08:00 ] ::1 /Index/Index/main.html
INFO: [ app_init ] --START--
INFO: Run Behavior\BuildLiteBehavior [ RunTime:0.000000s ]
INFO: [ app_init ] --END-- [ RunTime:0.001000s ]
INFO: [ app_begin ] --START--
INFO: Run Behavior\ReadHtmlCacheBehavior [ RunTime:0.001001s ]
INFO: [ app_begin ] --END-- [ RunTime:0.002001s ]
SQL: SHOW COLUMNS FROM `xy_admin_setting` [ RunTime:0.0000s ]
SQL: SELECT `k`,`v` FROM `xy_admin_setting`  [ RunTime:0.0010s ]
NOTIC: [8] Undefined variable: config D:\wamp64\www\xiangyou\wxapp\App\Common\Common\function.php 第 50 行.
NOTIC: [8] A session had already been started - ignoring session_start() D:\wamp64\www\xiangyou\wxapp\App\Admin\Controller\ComController.class.php 第 128 行.
SQL: SHOW COLUMNS FROM `xy_auth_group_access` [ RunTime:0.0010s ]
SQL: SELECT * FROM `xy_auth_group_access` WHERE `uid` = 1 LIMIT 1   [ RunTime:0.0000s ]
SQL: SHOW COLUMNS FROM `xy_admins` [ RunTime:0.0010s ]
NOTIC: [8] Undefined index: id D:\wamp64\www\xiangyou\wxapp\App\Admin\Controller\ComController.class.php 第 42 行.
SQL: SELECT * FROM `xy_admins` WHERE `id` = null LIMIT 1   [ RunTime:0.0010s ]
INFO: [ view_parse ] --START--
INFO: [ template_filter ] --START--
INFO: Run Behavior\ContentReplaceBehavior [ RunTime:0.000000s ]
INFO: [ template_filter ] --END-- [ RunTime:0.000000s ]
INFO: Run Behavior\ParseTemplateBehavior [ RunTime:0.011000s ]
INFO: [ view_parse ] --END-- [ RunTime:0.011000s ]
INFO: [ view_filter ] --START--
INFO: Run Behavior\WriteHtmlCacheBehavior [ RunTime:0.000000s ]
INFO: [ view_filter ] --END-- [ RunTime:0.000000s ]
INFO: [ app_end ] --START--
INFO: Run Behavior\ShowPageTraceBehavior [ RunTime:0.001000s ]
INFO: [ app_end ] --END-- [ RunTime:0.001000s ]

