[ 2017-11-08T15:26:26+08:00 ] ::1 /Cache/clear.html
INFO: [ app_init ] --START--
INFO: Run Behavior\BuildLiteBehavior [ RunTime:0.000000s ]
INFO: [ app_init ] --END-- [ RunTime:0.001000s ]
INFO: [ app_begin ] --START--
INFO: Run Behavior\ReadHtmlCacheBehavior [ RunTime:0.001000s ]
INFO: [ app_begin ] --END-- [ RunTime:0.002000s ]
SQL: SHOW COLUMNS FROM `xy_admin_setting` [ RunTime:0.0010s ]
NOTIC: [8] A session had already been started - ignoring session_start() D:\wamp64\www\xiangyou\wxapp\App\Admin\Controller\ComController.class.php 第 129 行.
SQL: SHOW COLUMNS FROM `xy_admin_auth_group_access` [ RunTime:0.0000s ]
SQL: SELECT * FROM `xy_admin_auth_group_access` WHERE `uid` = 1 LIMIT 1   [ RunTime:0.0000s ]
SQL: SHOW COLUMNS FROM `xy_admins` [ RunTime:0.0000s ]
SQL: SELECT * FROM `xy_admins` WHERE `id` = 1 LIMIT 1   [ RunTime:0.0000s ]
SQL: SELECT * FROM xy_admin_auth_group g left join xy_admin_auth_group_access a on g.id=a.group_id where a.uid=1 [ RunTime:0.0000s ]
SQL: SELECT s.id,s.title,s.name,s.tips,s.pid,p.pid as ppid,p.title as ptitle FROM xy_admin_auth_rule s left join xy_admin_auth_rule p on p.id=s.pid where s.name='Cache/clear' [ RunTime:0.0010s ]
NOTIC: [8] Undefined offset: 0 D:\wamp64\www\xiangyou\wxapp\App\Admin\Controller\ComController.class.php 第 65 行.
SQL: SELECT `k`,`v` FROM `xy_admin_setting`  [ RunTime:0.0010s ]
SQL: SHOW COLUMNS FROM `xy_admin_auth_rule` [ RunTime:0.0010s ]
SQL: SELECT `id`,`title`,`pid`,`name`,`icon` FROM `xy_admin_auth_rule` WHERE ( islink=1   ) ORDER BY o ASC  [ RunTime:0.0010s ]
SQL: SELECT s.id,s.title,s.name,s.tips,s.pid,p.pid as ppid,p.title as ptitle FROM xy_admin_auth_rule s left join xy_admin_auth_rule p on p.id=s.pid where s.name='Cache/clear' [ RunTime:0.0000s ]
NOTIC: [8] Undefined offset: 0 D:\wamp64\www\xiangyou\wxapp\App\Admin\Controller\ComController.class.php 第 85 行.
SQL: SELECT `k`,`v` FROM `xy_admin_setting`  [ RunTime:0.0010s ]
SQL: SELECT `id`,`title`,`pid`,`name`,`icon` FROM `xy_admin_auth_rule` WHERE ( islink=1   ) ORDER BY o ASC  [ RunTime:0.0010s ]
INFO: [ view_parse ] --START--
INFO: [ template_filter ] --START--
INFO: Run Behavior\ContentReplaceBehavior [ RunTime:0.000000s ]
INFO: [ template_filter ] --END-- [ RunTime:0.000000s ]
INFO: Run Behavior\ParseTemplateBehavior [ RunTime:0.010001s ]
INFO: [ view_parse ] --END-- [ RunTime:0.010001s ]
INFO: [ view_filter ] --START--
INFO: Run Behavior\WriteHtmlCacheBehavior [ RunTime:0.001000s ]
INFO: [ view_filter ] --END-- [ RunTime:0.001000s ]
INFO: [ app_end ] --START--
INFO: Run Behavior\ShowPageTraceBehavior [ RunTime:0.001000s ]
INFO: [ app_end ] --END-- [ RunTime:0.001000s ]

[ 2017-11-08T15:26:27+08:00 ] ::1 /
INFO: [ app_init ] --START--
INFO: Run Behavior\BuildLiteBehavior [ RunTime:0.000000s ]
INFO: [ app_init ] --END-- [ RunTime:0.000000s ]
INFO: [ app_begin ] --START--
INFO: Run Behavior\ReadHtmlCacheBehavior [ RunTime:0.001000s ]
INFO: [ app_begin ] --END-- [ RunTime:0.001000s ]
SQL: SHOW COLUMNS FROM `xy_admin_setting` [ RunTime:0.0000s ]
SQL: SELECT `k`,`v` FROM `xy_admin_setting`  [ RunTime:0.0000s ]
NOTIC: [8] A session had already been started - ignoring session_start() D:\wamp64\www\xiangyou\wxapp\App\Admin\Controller\ComController.class.php 第 129 行.
SQL: SHOW COLUMNS FROM `xy_admin_auth_group_access` [ RunTime:0.0010s ]
SQL: SELECT * FROM `xy_admin_auth_group_access` WHERE `uid` = 1 LIMIT 1   [ RunTime:0.0010s ]
SQL: SHOW COLUMNS FROM `xy_admins` [ RunTime:0.0010s ]
SQL: SELECT * FROM `xy_admins` WHERE `id` = 1 LIMIT 1   [ RunTime:0.0000s ]
SQL: SELECT * FROM xy_admin_auth_group g left join xy_admin_auth_group_access a on g.id=a.group_id where a.uid=1 [ RunTime:0.0010s ]
SQL: SELECT s.id,s.title,s.name,s.tips,s.pid,p.pid as ppid,p.title as ptitle FROM xy_admin_auth_rule s left join xy_admin_auth_rule p on p.id=s.pid where s.name='Index/index' [ RunTime:0.0000s ]
SQL: SELECT `k`,`v` FROM `xy_admin_setting`  [ RunTime:0.0010s ]
SQL: SHOW COLUMNS FROM `xy_admin_auth_rule` [ RunTime:0.0010s ]
SQL: SELECT `id`,`title`,`pid`,`name`,`icon` FROM `xy_admin_auth_rule` WHERE ( islink=1   ) ORDER BY o ASC  [ RunTime:0.0010s ]
SQL: SELECT s.id,s.title,s.name,s.tips,s.pid,p.pid as ppid,p.title as ptitle FROM xy_admin_auth_rule s left join xy_admin_auth_rule p on p.id=s.pid where s.name='Index/index' [ RunTime:0.0010s ]
SQL: SELECT `k`,`v` FROM `xy_admin_setting`  [ RunTime:0.0010s ]
SQL: SELECT `id`,`title`,`pid`,`name`,`icon` FROM `xy_admin_auth_rule` WHERE ( islink=1   ) ORDER BY o ASC  [ RunTime:0.0010s ]
INFO: [ view_parse ] --START--
INFO: [ template_filter ] --START--
INFO: Run Behavior\ContentReplaceBehavior [ RunTime:0.000000s ]
INFO: [ template_filter ] --END-- [ RunTime:0.000000s ]
NOTIC: [8] Undefined variable: juror D:\wamp64\www\xiangyou\wxapp\App\Runtime\Cache\Admin\9df924d9a2d217daa77a359c5bee0c33.php 第 182 行.
INFO: Run Behavior\ParseTemplateBehavior [ RunTime:0.044003s ]
INFO: [ view_parse ] --END-- [ RunTime:0.044003s ]
INFO: [ view_filter ] --START--
INFO: Run Behavior\WriteHtmlCacheBehavior [ RunTime:0.001000s ]
INFO: [ view_filter ] --END-- [ RunTime:0.001000s ]
INFO: [ app_end ] --START--
INFO: Run Behavior\ShowPageTraceBehavior [ RunTime:0.000000s ]
INFO: [ app_end ] --END-- [ RunTime:0.001000s ]

[ 2017-11-08T15:26:27+08:00 ] ::1 /Index/Index/main.html
INFO: [ app_init ] --START--
INFO: Run Behavior\BuildLiteBehavior [ RunTime:0.000000s ]
INFO: [ app_init ] --END-- [ RunTime:0.001000s ]
INFO: [ app_begin ] --START--
INFO: Run Behavior\ReadHtmlCacheBehavior [ RunTime:0.001000s ]
INFO: [ app_begin ] --END-- [ RunTime:0.001000s ]
SQL: SHOW COLUMNS FROM `xy_admin_setting` [ RunTime:0.0010s ]
NOTIC: [8] A session had already been started - ignoring session_start() D:\wamp64\www\xiangyou\wxapp\App\Admin\Controller\ComController.class.php 第 129 行.
SQL: SHOW COLUMNS FROM `xy_admin_auth_group_access` [ RunTime:0.0010s ]
SQL: SELECT * FROM `xy_admin_auth_group_access` WHERE `uid` = 1 LIMIT 1   [ RunTime:0.0010s ]
SQL: SHOW COLUMNS FROM `xy_admins` [ RunTime:0.0010s ]
SQL: SELECT * FROM `xy_admins` WHERE `id` = 1 LIMIT 1   [ RunTime:0.0000s ]
SQL: SELECT * FROM xy_admin_auth_group g left join xy_admin_auth_group_access a on g.id=a.group_id where a.uid=1 [ RunTime:0.0010s ]
SQL: SELECT s.id,s.title,s.name,s.tips,s.pid,p.pid as ppid,p.title as ptitle FROM xy_admin_auth_rule s left join xy_admin_auth_rule p on p.id=s.pid where s.name='Index/main' [ RunTime:0.0010s ]
NOTIC: [8] Undefined offset: 0 D:\wamp64\www\xiangyou\wxapp\App\Admin\Controller\ComController.class.php 第 65 行.
SQL: SELECT `k`,`v` FROM `xy_admin_setting`  [ RunTime:0.0010s ]
SQL: SHOW COLUMNS FROM `xy_admin_auth_rule` [ RunTime:0.0010s ]
SQL: SELECT `id`,`title`,`pid`,`name`,`icon` FROM `xy_admin_auth_rule` WHERE ( islink=1   ) ORDER BY o ASC  [ RunTime:0.0010s ]
SQL: SELECT s.id,s.title,s.name,s.tips,s.pid,p.pid as ppid,p.title as ptitle FROM xy_admin_auth_rule s left join xy_admin_auth_rule p on p.id=s.pid where s.name='Index/main' [ RunTime:0.0010s ]
NOTIC: [8] Undefined offset: 0 D:\wamp64\www\xiangyou\wxapp\App\Admin\Controller\ComController.class.php 第 85 行.
SQL: SELECT `k`,`v` FROM `xy_admin_setting`  [ RunTime:0.0000s ]
SQL: SELECT `id`,`title`,`pid`,`name`,`icon` FROM `xy_admin_auth_rule` WHERE ( islink=1   ) ORDER BY o ASC  [ RunTime:0.0000s ]
INFO: [ view_parse ] --START--
INFO: [ template_filter ] --START--
INFO: Run Behavior\ContentReplaceBehavior [ RunTime:0.000000s ]
INFO: [ template_filter ] --END-- [ RunTime:0.001000s ]
INFO: Run Behavior\ParseTemplateBehavior [ RunTime:0.009000s ]
INFO: [ view_parse ] --END-- [ RunTime:0.010000s ]
INFO: [ view_filter ] --START--
INFO: Run Behavior\WriteHtmlCacheBehavior [ RunTime:0.001000s ]
INFO: [ view_filter ] --END-- [ RunTime:0.001000s ]
INFO: [ app_end ] --START--
INFO: Run Behavior\ShowPageTraceBehavior [ RunTime:0.001000s ]
INFO: [ app_end ] --END-- [ RunTime:0.001000s ]

[ 2017-11-08T15:26:29+08:00 ] ::1 /Index/index.html
INFO: [ app_init ] --START--
INFO: Run Behavior\BuildLiteBehavior [ RunTime:0.000000s ]
INFO: [ app_init ] --END-- [ RunTime:0.001000s ]
INFO: [ app_begin ] --START--
INFO: Run Behavior\ReadHtmlCacheBehavior [ RunTime:0.001000s ]
INFO: [ app_begin ] --END-- [ RunTime:0.001000s ]
SQL: SHOW COLUMNS FROM `xy_admin_setting` [ RunTime:0.0000s ]
NOTIC: [8] A session had already been started - ignoring session_start() D:\wamp64\www\xiangyou\wxapp\App\Admin\Controller\ComController.class.php 第 129 行.
SQL: SHOW COLUMNS FROM `xy_admin_auth_group_access` [ RunTime:0.0010s ]
SQL: SELECT * FROM `xy_admin_auth_group_access` WHERE `uid` = 1 LIMIT 1   [ RunTime:0.0010s ]
SQL: SHOW COLUMNS FROM `xy_admins` [ RunTime:0.0010s ]
SQL: SELECT * FROM `xy_admins` WHERE `id` = 1 LIMIT 1   [ RunTime:0.0000s ]
SQL: SELECT * FROM xy_admin_auth_group g left join xy_admin_auth_group_access a on g.id=a.group_id where a.uid=1 [ RunTime:0.0000s ]
SQL: SELECT s.id,s.title,s.name,s.tips,s.pid,p.pid as ppid,p.title as ptitle FROM xy_admin_auth_rule s left join xy_admin_auth_rule p on p.id=s.pid where s.name='Index/index' [ RunTime:0.0000s ]
SQL: SELECT `k`,`v` FROM `xy_admin_setting`  [ RunTime:0.0000s ]
SQL: SHOW COLUMNS FROM `xy_admin_auth_rule` [ RunTime:0.0000s ]
SQL: SELECT `id`,`title`,`pid`,`name`,`icon` FROM `xy_admin_auth_rule` WHERE ( islink=1   ) ORDER BY o ASC  [ RunTime:0.0010s ]
SQL: SELECT s.id,s.title,s.name,s.tips,s.pid,p.pid as ppid,p.title as ptitle FROM xy_admin_auth_rule s left join xy_admin_auth_rule p on p.id=s.pid where s.name='Index/index' [ RunTime:0.0010s ]
SQL: SELECT `k`,`v` FROM `xy_admin_setting`  [ RunTime:0.0000s ]
SQL: SELECT `id`,`title`,`pid`,`name`,`icon` FROM `xy_admin_auth_rule` WHERE ( islink=1   ) ORDER BY o ASC  [ RunTime:0.0010s ]
INFO: [ view_parse ] --START--
INFO: [ template_filter ] --START--
INFO: Run Behavior\ContentReplaceBehavior [ RunTime:0.001000s ]
INFO: [ template_filter ] --END-- [ RunTime:0.001000s ]
NOTIC: [8] Undefined variable: juror D:\wamp64\www\xiangyou\wxapp\App\Runtime\Cache\Admin\9df924d9a2d217daa77a359c5bee0c33.php 第 182 行.
INFO: Run Behavior\ParseTemplateBehavior [ RunTime:0.041002s ]
INFO: [ view_parse ] --END-- [ RunTime:0.041002s ]
INFO: [ view_filter ] --START--
INFO: Run Behavior\WriteHtmlCacheBehavior [ RunTime:0.001000s ]
INFO: [ view_filter ] --END-- [ RunTime:0.001000s ]
INFO: [ app_end ] --START--
INFO: Run Behavior\ShowPageTraceBehavior [ RunTime:0.001000s ]
INFO: [ app_end ] --END-- [ RunTime:0.001000s ]

[ 2017-11-08T15:26:29+08:00 ] ::1 /Index/Index/main.html
INFO: [ app_init ] --START--
INFO: Run Behavior\BuildLiteBehavior [ RunTime:0.000000s ]
INFO: [ app_init ] --END-- [ RunTime:0.001000s ]
INFO: [ app_begin ] --START--
INFO: Run Behavior\ReadHtmlCacheBehavior [ RunTime:0.001000s ]
INFO: [ app_begin ] --END-- [ RunTime:0.001000s ]
SQL: SHOW COLUMNS FROM `xy_admin_setting` [ RunTime:0.0010s ]
NOTIC: [8] A session had already been started - ignoring session_start() D:\wamp64\www\xiangyou\wxapp\App\Admin\Controller\ComController.class.php 第 129 行.
SQL: SHOW COLUMNS FROM `xy_admin_auth_group_access` [ RunTime:0.0010s ]
SQL: SELECT * FROM `xy_admin_auth_group_access` WHERE `uid` = 1 LIMIT 1   [ RunTime:0.0010s ]
SQL: SHOW COLUMNS FROM `xy_admins` [ RunTime:0.0010s ]
SQL: SELECT * FROM `xy_admins` WHERE `id` = 1 LIMIT 1   [ RunTime:0.0010s ]
SQL: SELECT * FROM xy_admin_auth_group g left join xy_admin_auth_group_access a on g.id=a.group_id where a.uid=1 [ RunTime:0.0010s ]
SQL: SELECT s.id,s.title,s.name,s.tips,s.pid,p.pid as ppid,p.title as ptitle FROM xy_admin_auth_rule s left join xy_admin_auth_rule p on p.id=s.pid where s.name='Index/main' [ RunTime:0.0010s ]
NOTIC: [8] Undefined offset: 0 D:\wamp64\www\xiangyou\wxapp\App\Admin\Controller\ComController.class.php 第 65 行.
SQL: SELECT `k`,`v` FROM `xy_admin_setting`  [ RunTime:0.0000s ]
SQL: SHOW COLUMNS FROM `xy_admin_auth_rule` [ RunTime:0.0010s ]
SQL: SELECT `id`,`title`,`pid`,`name`,`icon` FROM `xy_admin_auth_rule` WHERE ( islink=1   ) ORDER BY o ASC  [ RunTime:0.0020s ]
SQL: SELECT s.id,s.title,s.name,s.tips,s.pid,p.pid as ppid,p.title as ptitle FROM xy_admin_auth_rule s left join xy_admin_auth_rule p on p.id=s.pid where s.name='Index/main' [ RunTime:0.0010s ]
NOTIC: [8] Undefined offset: 0 D:\wamp64\www\xiangyou\wxapp\App\Admin\Controller\ComController.class.php 第 85 行.
SQL: SELECT `k`,`v` FROM `xy_admin_setting`  [ RunTime:0.0010s ]
SQL: SELECT `id`,`title`,`pid`,`name`,`icon` FROM `xy_admin_auth_rule` WHERE ( islink=1   ) ORDER BY o ASC  [ RunTime:0.0010s ]
INFO: [ view_parse ] --START--
INFO: [ template_filter ] --START--
INFO: Run Behavior\ContentReplaceBehavior [ RunTime:0.000000s ]
INFO: [ template_filter ] --END-- [ RunTime:0.000000s ]
INFO: Run Behavior\ParseTemplateBehavior [ RunTime:0.014001s ]
INFO: [ view_parse ] --END-- [ RunTime:0.014001s ]
INFO: [ view_filter ] --START--
INFO: Run Behavior\WriteHtmlCacheBehavior [ RunTime:0.001000s ]
INFO: [ view_filter ] --END-- [ RunTime:0.001000s ]
INFO: [ app_end ] --START--
INFO: Run Behavior\ShowPageTraceBehavior [ RunTime:0.001000s ]
INFO: [ app_end ] --END-- [ RunTime:0.001000s ]

[ 2017-11-08T15:50:50+08:00 ] ::1 /user/index.html?v=3.0
INFO: [ app_init ] --START--
INFO: Run Behavior\BuildLiteBehavior [ RunTime:0.000000s ]
INFO: [ app_init ] --END-- [ RunTime:0.001000s ]
INFO: [ app_begin ] --START--
INFO: Run Behavior\ReadHtmlCacheBehavior [ RunTime:0.001000s ]
INFO: [ app_begin ] --END-- [ RunTime:0.001000s ]
SQL: SHOW COLUMNS FROM `xy_admin_setting` [ RunTime:0.0000s ]
NOTIC: [8] A session had already been started - ignoring session_start() D:\wamp64\www\xiangyou\wxapp\App\Admin\Controller\ComController.class.php 第 129 行.
SQL: SHOW COLUMNS FROM `xy_admin_auth_group_access` [ RunTime:0.0010s ]
SQL: SELECT * FROM `xy_admin_auth_group_access` WHERE `uid` = 1 LIMIT 1   [ RunTime:0.0010s ]
SQL: SHOW COLUMNS FROM `xy_admins` [ RunTime:0.0010s ]
SQL: SELECT * FROM `xy_admins` WHERE `id` = 1 LIMIT 1   [ RunTime:0.0000s ]
SQL: SELECT * FROM xy_admin_auth_group g left join xy_admin_auth_group_access a on g.id=a.group_id where a.uid=1 [ RunTime:0.0000s ]
SQL: SELECT s.id,s.title,s.name,s.tips,s.pid,p.pid as ppid,p.title as ptitle FROM xy_admin_auth_rule s left join xy_admin_auth_rule p on p.id=s.pid where s.name='User/index' [ RunTime:0.0000s ]
SQL: SELECT `k`,`v` FROM `xy_admin_setting`  [ RunTime:0.0010s ]
SQL: SHOW COLUMNS FROM `xy_admin_auth_rule` [ RunTime:0.0010s ]
SQL: SELECT `id`,`title`,`pid`,`name`,`icon` FROM `xy_admin_auth_rule` WHERE ( islink=1   ) ORDER BY o ASC  [ RunTime:0.0010s ]
SQL: SELECT s.id,s.title,s.name,s.tips,s.pid,p.pid as ppid,p.title as ptitle FROM xy_admin_auth_rule s left join xy_admin_auth_rule p on p.id=s.pid where s.name='User/index' [ RunTime:0.0010s ]
SQL: SELECT `k`,`v` FROM `xy_admin_setting`  [ RunTime:0.0000s ]
SQL: SELECT `id`,`title`,`pid`,`name`,`icon` FROM `xy_admin_auth_rule` WHERE ( islink=1   ) ORDER BY o ASC  [ RunTime:0.0010s ]
INFO: [ view_parse ] --START--
INFO: [ template_filter ] --START--
INFO: Run Behavior\ContentReplaceBehavior [ RunTime:0.000000s ]
INFO: [ template_filter ] --END-- [ RunTime:0.000000s ]
INFO: Run Behavior\ParseTemplateBehavior [ RunTime:0.015001s ]
INFO: [ view_parse ] --END-- [ RunTime:0.016001s ]
INFO: [ view_filter ] --START--
INFO: Run Behavior\WriteHtmlCacheBehavior [ RunTime:0.001000s ]
INFO: [ view_filter ] --END-- [ RunTime:0.001000s ]
INFO: [ app_end ] --START--
INFO: Run Behavior\ShowPageTraceBehavior [ RunTime:0.001000s ]
INFO: [ app_end ] --END-- [ RunTime:0.001000s ]

[ 2017-11-08T15:50:50+08:00 ] ::1 /User/userlist.html
INFO: [ app_init ] --START--
INFO: Run Behavior\BuildLiteBehavior [ RunTime:0.001000s ]
INFO: [ app_init ] --END-- [ RunTime:0.001000s ]
INFO: [ app_begin ] --START--
INFO: Run Behavior\ReadHtmlCacheBehavior [ RunTime:0.002000s ]
INFO: [ app_begin ] --END-- [ RunTime:0.002000s ]
SQL: SHOW COLUMNS FROM `xy_admin_setting` [ RunTime:0.0010s ]
NOTIC: [8] A session had already been started - ignoring session_start() D:\wamp64\www\xiangyou\wxapp\App\Admin\Controller\ComController.class.php 第 129 行.
SQL: SHOW COLUMNS FROM `xy_admin_auth_group_access` [ RunTime:0.0010s ]
SQL: SELECT * FROM `xy_admin_auth_group_access` WHERE `uid` = 1 LIMIT 1   [ RunTime:0.0000s ]
SQL: SHOW COLUMNS FROM `xy_admins` [ RunTime:0.0010s ]
SQL: SELECT * FROM `xy_admins` WHERE `id` = 1 LIMIT 1   [ RunTime:0.0000s ]
SQL: SELECT * FROM xy_admin_auth_group g left join xy_admin_auth_group_access a on g.id=a.group_id where a.uid=1 [ RunTime:0.0010s ]
SQL: SELECT s.id,s.title,s.name,s.tips,s.pid,p.pid as ppid,p.title as ptitle FROM xy_admin_auth_rule s left join xy_admin_auth_rule p on p.id=s.pid where s.name='User/userlist' [ RunTime:0.0000s ]
NOTIC: [8] Undefined offset: 0 D:\wamp64\www\xiangyou\wxapp\App\Admin\Controller\ComController.class.php 第 65 行.
SQL: SELECT `k`,`v` FROM `xy_admin_setting`  [ RunTime:0.0000s ]
SQL: SHOW COLUMNS FROM `xy_admin_auth_rule` [ RunTime:0.0010s ]
SQL: SELECT `id`,`title`,`pid`,`name`,`icon` FROM `xy_admin_auth_rule` WHERE ( islink=1   ) ORDER BY o ASC  [ RunTime:0.0010s ]
SQL: SELECT s.id,s.title,s.name,s.tips,s.pid,p.pid as ppid,p.title as ptitle FROM xy_admin_auth_rule s left join xy_admin_auth_rule p on p.id=s.pid where s.name='User/userlist' [ RunTime:0.0010s ]
NOTIC: [8] Undefined offset: 0 D:\wamp64\www\xiangyou\wxapp\App\Admin\Controller\ComController.class.php 第 85 行.
SQL: SELECT `k`,`v` FROM `xy_admin_setting`  [ RunTime:0.0000s ]
SQL: SELECT `id`,`title`,`pid`,`name`,`icon` FROM `xy_admin_auth_rule` WHERE ( islink=1   ) ORDER BY o ASC  [ RunTime:0.0010s ]
SQL: SHOW COLUMNS FROM `xy_user` [ RunTime:0.0020s ]
SQL: SELECT * FROM `xy_user`  [ RunTime:0.0000s ]

[ 2017-11-08T15:52:43+08:00 ] ::1 /user/index.html?v=3.0
INFO: [ app_init ] --START--
INFO: Run Behavior\BuildLiteBehavior [ RunTime:0.000000s ]
INFO: [ app_init ] --END-- [ RunTime:0.001000s ]
INFO: [ app_begin ] --START--
INFO: Run Behavior\ReadHtmlCacheBehavior [ RunTime:0.001000s ]
INFO: [ app_begin ] --END-- [ RunTime:0.001000s ]
SQL: SHOW COLUMNS FROM `xy_admin_setting` [ RunTime:0.0010s ]
NOTIC: [8] A session had already been started - ignoring session_start() D:\wamp64\www\xiangyou\wxapp\App\Admin\Controller\ComController.class.php 第 129 行.
SQL: SHOW COLUMNS FROM `xy_admin_auth_group_access` [ RunTime:0.0000s ]
SQL: SELECT * FROM `xy_admin_auth_group_access` WHERE `uid` = 1 LIMIT 1   [ RunTime:0.0010s ]
SQL: SHOW COLUMNS FROM `xy_admins` [ RunTime:0.0010s ]
SQL: SELECT * FROM `xy_admins` WHERE `id` = 1 LIMIT 1   [ RunTime:0.0010s ]
SQL: SELECT * FROM xy_admin_auth_group g left join xy_admin_auth_group_access a on g.id=a.group_id where a.uid=1 [ RunTime:0.0000s ]
SQL: SELECT s.id,s.title,s.name,s.tips,s.pid,p.pid as ppid,p.title as ptitle FROM xy_admin_auth_rule s left join xy_admin_auth_rule p on p.id=s.pid where s.name='User/index' [ RunTime:0.0000s ]
SQL: SELECT `k`,`v` FROM `xy_admin_setting`  [ RunTime:0.0000s ]
SQL: SHOW COLUMNS FROM `xy_admin_auth_rule` [ RunTime:0.0010s ]
SQL: SELECT `id`,`title`,`pid`,`name`,`icon` FROM `xy_admin_auth_rule` WHERE ( islink=1   ) ORDER BY o ASC  [ RunTime:0.0000s ]
SQL: SELECT s.id,s.title,s.name,s.tips,s.pid,p.pid as ppid,p.title as ptitle FROM xy_admin_auth_rule s left join xy_admin_auth_rule p on p.id=s.pid where s.name='User/index' [ RunTime:0.0000s ]
SQL: SELECT `k`,`v` FROM `xy_admin_setting`  [ RunTime:0.0000s ]
SQL: SELECT `id`,`title`,`pid`,`name`,`icon` FROM `xy_admin_auth_rule` WHERE ( islink=1   ) ORDER BY o ASC  [ RunTime:0.0000s ]
INFO: [ view_parse ] --START--
INFO: [ template_filter ] --START--
INFO: Run Behavior\ContentReplaceBehavior [ RunTime:0.000000s ]
INFO: [ template_filter ] --END-- [ RunTime:0.000000s ]
INFO: Run Behavior\ParseTemplateBehavior [ RunTime:0.014001s ]
INFO: [ view_parse ] --END-- [ RunTime:0.014001s ]
INFO: [ view_filter ] --START--
INFO: Run Behavior\WriteHtmlCacheBehavior [ RunTime:0.000000s ]
INFO: [ view_filter ] --END-- [ RunTime:0.001000s ]
INFO: [ app_end ] --START--
INFO: Run Behavior\ShowPageTraceBehavior [ RunTime:0.001000s ]
INFO: [ app_end ] --END-- [ RunTime:0.002000s ]

[ 2017-11-08T15:52:43+08:00 ] ::1 /User/userlist.html
INFO: [ app_init ] --START--
INFO: Run Behavior\BuildLiteBehavior [ RunTime:0.001000s ]
INFO: [ app_init ] --END-- [ RunTime:0.001000s ]
INFO: [ app_begin ] --START--
INFO: Run Behavior\ReadHtmlCacheBehavior [ RunTime:0.002000s ]
INFO: [ app_begin ] --END-- [ RunTime:0.002000s ]
SQL: SHOW COLUMNS FROM `xy_admin_setting` [ RunTime:0.0010s ]
NOTIC: [8] A session had already been started - ignoring session_start() D:\wamp64\www\xiangyou\wxapp\App\Admin\Controller\ComController.class.php 第 129 行.
SQL: SHOW COLUMNS FROM `xy_admin_auth_group_access` [ RunTime:0.0010s ]
SQL: SELECT * FROM `xy_admin_auth_group_access` WHERE `uid` = 1 LIMIT 1   [ RunTime:0.0010s ]
SQL: SHOW COLUMNS FROM `xy_admins` [ RunTime:0.0000s ]
SQL: SELECT * FROM `xy_admins` WHERE `id` = 1 LIMIT 1   [ RunTime:0.0000s ]
SQL: SELECT * FROM xy_admin_auth_group g left join xy_admin_auth_group_access a on g.id=a.group_id where a.uid=1 [ RunTime:0.0000s ]
SQL: SELECT s.id,s.title,s.name,s.tips,s.pid,p.pid as ppid,p.title as ptitle FROM xy_admin_auth_rule s left join xy_admin_auth_rule p on p.id=s.pid where s.name='User/userlist' [ RunTime:0.0010s ]
NOTIC: [8] Undefined offset: 0 D:\wamp64\www\xiangyou\wxapp\App\Admin\Controller\ComController.class.php 第 65 行.
SQL: SELECT `k`,`v` FROM `xy_admin_setting`  [ RunTime:0.0000s ]
SQL: SHOW COLUMNS FROM `xy_admin_auth_rule` [ RunTime:0.0010s ]
SQL: SELECT `id`,`title`,`pid`,`name`,`icon` FROM `xy_admin_auth_rule` WHERE ( islink=1   ) ORDER BY o ASC  [ RunTime:0.0010s ]
SQL: SELECT s.id,s.title,s.name,s.tips,s.pid,p.pid as ppid,p.title as ptitle FROM xy_admin_auth_rule s left join xy_admin_auth_rule p on p.id=s.pid where s.name='User/userlist' [ RunTime:0.0000s ]
NOTIC: [8] Undefined offset: 0 D:\wamp64\www\xiangyou\wxapp\App\Admin\Controller\ComController.class.php 第 85 行.
SQL: SELECT `k`,`v` FROM `xy_admin_setting`  [ RunTime:0.0000s ]
SQL: SELECT `id`,`title`,`pid`,`name`,`icon` FROM `xy_admin_auth_rule` WHERE ( islink=1   ) ORDER BY o ASC  [ RunTime:0.0000s ]
SQL: SHOW COLUMNS FROM `xy_user` [ RunTime:0.0010s ]
SQL: SELECT * FROM `xy_user`  [ RunTime:0.0000s ]

[ 2017-11-08T15:59:38+08:00 ] ::1 /user/index.html?v=3.0
INFO: [ app_init ] --START--
INFO: Run Behavior\BuildLiteBehavior [ RunTime:0.001000s ]
INFO: [ app_init ] --END-- [ RunTime:0.001000s ]
INFO: [ app_begin ] --START--
INFO: Run Behavior\ReadHtmlCacheBehavior [ RunTime:0.001000s ]
INFO: [ app_begin ] --END-- [ RunTime:0.001000s ]
SQL: SHOW COLUMNS FROM `xy_admin_setting` [ RunTime:0.0010s ]
NOTIC: [8] A session had already been started - ignoring session_start() D:\wamp64\www\xiangyou\wxapp\App\Admin\Controller\ComController.class.php 第 129 行.
SQL: SHOW COLUMNS FROM `xy_admin_auth_group_access` [ RunTime:0.0000s ]
SQL: SELECT * FROM `xy_admin_auth_group_access` WHERE `uid` = 1 LIMIT 1   [ RunTime:0.0010s ]
SQL: SHOW COLUMNS FROM `xy_admins` [ RunTime:0.0010s ]
SQL: SELECT * FROM `xy_admins` WHERE `id` = 1 LIMIT 1   [ RunTime:0.0010s ]
SQL: SELECT * FROM xy_admin_auth_group g left join xy_admin_auth_group_access a on g.id=a.group_id where a.uid=1 [ RunTime:0.0000s ]
SQL: SELECT s.id,s.title,s.name,s.tips,s.pid,p.pid as ppid,p.title as ptitle FROM xy_admin_auth_rule s left join xy_admin_auth_rule p on p.id=s.pid where s.name='User/index' [ RunTime:0.0000s ]
SQL: SELECT `k`,`v` FROM `xy_admin_setting`  [ RunTime:0.0000s ]
SQL: SHOW COLUMNS FROM `xy_admin_auth_rule` [ RunTime:0.0000s ]
SQL: SELECT `id`,`title`,`pid`,`name`,`icon` FROM `xy_admin_auth_rule` WHERE ( islink=1   ) ORDER BY o ASC  [ RunTime:0.0010s ]
SQL: SELECT s.id,s.title,s.name,s.tips,s.pid,p.pid as ppid,p.title as ptitle FROM xy_admin_auth_rule s left join xy_admin_auth_rule p on p.id=s.pid where s.name='User/index' [ RunTime:0.0010s ]
SQL: SELECT `k`,`v` FROM `xy_admin_setting`  [ RunTime:0.0000s ]
SQL: SELECT `id`,`title`,`pid`,`name`,`icon` FROM `xy_admin_auth_rule` WHERE ( islink=1   ) ORDER BY o ASC  [ RunTime:0.0000s ]
INFO: [ view_parse ] --START--
INFO: [ template_filter ] --START--
INFO: Run Behavior\ContentReplaceBehavior [ RunTime:0.000000s ]
INFO: [ template_filter ] --END-- [ RunTime:0.001000s ]
INFO: Run Behavior\ParseTemplateBehavior [ RunTime:0.015001s ]
INFO: [ view_parse ] --END-- [ RunTime:0.016001s ]
INFO: [ view_filter ] --START--
INFO: Run Behavior\WriteHtmlCacheBehavior [ RunTime:0.001000s ]
INFO: [ view_filter ] --END-- [ RunTime:0.001000s ]
INFO: [ app_end ] --START--
INFO: Run Behavior\ShowPageTraceBehavior [ RunTime:0.001000s ]
INFO: [ app_end ] --END-- [ RunTime:0.002000s ]

[ 2017-11-08T15:59:39+08:00 ] ::1 /User/userlist.html
INFO: [ app_init ] --START--
INFO: Run Behavior\BuildLiteBehavior [ RunTime:0.000000s ]
INFO: [ app_init ] --END-- [ RunTime:0.001000s ]
INFO: [ app_begin ] --START--
INFO: Run Behavior\ReadHtmlCacheBehavior [ RunTime:0.002000s ]
INFO: [ app_begin ] --END-- [ RunTime:0.002000s ]
SQL: SHOW COLUMNS FROM `xy_admin_setting` [ RunTime:0.0000s ]
NOTIC: [8] A session had already been started - ignoring session_start() D:\wamp64\www\xiangyou\wxapp\App\Admin\Controller\ComController.class.php 第 129 行.
SQL: SHOW COLUMNS FROM `xy_admin_auth_group_access` [ RunTime:0.0000s ]
SQL: SELECT * FROM `xy_admin_auth_group_access` WHERE `uid` = 1 LIMIT 1   [ RunTime:0.0000s ]
SQL: SHOW COLUMNS FROM `xy_admins` [ RunTime:0.0000s ]
SQL: SELECT * FROM `xy_admins` WHERE `id` = 1 LIMIT 1   [ RunTime:0.0000s ]
SQL: SELECT * FROM xy_admin_auth_group g left join xy_admin_auth_group_access a on g.id=a.group_id where a.uid=1 [ RunTime:0.0000s ]
SQL: SELECT s.id,s.title,s.name,s.tips,s.pid,p.pid as ppid,p.title as ptitle FROM xy_admin_auth_rule s left join xy_admin_auth_rule p on p.id=s.pid where s.name='User/userlist' [ RunTime:0.0010s ]
NOTIC: [8] Undefined offset: 0 D:\wamp64\www\xiangyou\wxapp\App\Admin\Controller\ComController.class.php 第 65 行.
SQL: SELECT `k`,`v` FROM `xy_admin_setting`  [ RunTime:0.0010s ]
SQL: SHOW COLUMNS FROM `xy_admin_auth_rule` [ RunTime:0.0010s ]
SQL: SELECT `id`,`title`,`pid`,`name`,`icon` FROM `xy_admin_auth_rule` WHERE ( islink=1   ) ORDER BY o ASC  [ RunTime:0.0010s ]
SQL: SELECT s.id,s.title,s.name,s.tips,s.pid,p.pid as ppid,p.title as ptitle FROM xy_admin_auth_rule s left join xy_admin_auth_rule p on p.id=s.pid where s.name='User/userlist' [ RunTime:0.0000s ]
NOTIC: [8] Undefined offset: 0 D:\wamp64\www\xiangyou\wxapp\App\Admin\Controller\ComController.class.php 第 85 行.
SQL: SELECT `k`,`v` FROM `xy_admin_setting`  [ RunTime:0.0010s ]
SQL: SELECT `id`,`title`,`pid`,`name`,`icon` FROM `xy_admin_auth_rule` WHERE ( islink=1   ) ORDER BY o ASC  [ RunTime:0.0010s ]
SQL: SHOW COLUMNS FROM `xy_user` [ RunTime:0.0010s ]
SQL: SELECT * FROM `xy_user`  [ RunTime:0.0000s ]

[ 2017-11-08T16:25:00+08:00 ] ::1 /logout/index.html
INFO: [ app_init ] --START--
INFO: Run Behavior\BuildLiteBehavior [ RunTime:0.000000s ]
INFO: [ app_init ] --END-- [ RunTime:0.001000s ]
INFO: [ app_begin ] --START--
INFO: Run Behavior\ReadHtmlCacheBehavior [ RunTime:0.001000s ]
INFO: [ app_begin ] --END-- [ RunTime:0.001000s ]
SQL: SHOW COLUMNS FROM `xy_admin_setting` [ RunTime:0.0010s ]
NOTIC: [8] A session had already been started - ignoring session_start() D:\wamp64\www\xiangyou\wxapp\App\Admin\Controller\ComController.class.php 第 129 行.
SQL: SHOW COLUMNS FROM `xy_admin_auth_group_access` [ RunTime:0.0010s ]
SQL: SELECT * FROM `xy_admin_auth_group_access` WHERE `uid` = 1 LIMIT 1   [ RunTime:0.0010s ]
SQL: SHOW COLUMNS FROM `xy_admins` [ RunTime:0.0010s ]
SQL: SELECT * FROM `xy_admins` WHERE `id` = 1 LIMIT 1   [ RunTime:0.0000s ]
SQL: SELECT * FROM xy_admin_auth_group g left join xy_admin_auth_group_access a on g.id=a.group_id where a.uid=1 [ RunTime:0.0010s ]
SQL: SELECT s.id,s.title,s.name,s.tips,s.pid,p.pid as ppid,p.title as ptitle FROM xy_admin_auth_rule s left join xy_admin_auth_rule p on p.id=s.pid where s.name='Logout/index' [ RunTime:0.0000s ]
SQL: SELECT `k`,`v` FROM `xy_admin_setting`  [ RunTime:0.0000s ]
SQL: SHOW COLUMNS FROM `xy_admin_auth_rule` [ RunTime:0.0000s ]
SQL: SELECT `id`,`title`,`pid`,`name`,`icon` FROM `xy_admin_auth_rule` WHERE ( islink=1   ) ORDER BY o ASC  [ RunTime:0.0010s ]
SQL: SELECT s.id,s.title,s.name,s.tips,s.pid,p.pid as ppid,p.title as ptitle FROM xy_admin_auth_rule s left join xy_admin_auth_rule p on p.id=s.pid where s.name='Logout/index' [ RunTime:0.0010s ]
SQL: SELECT `k`,`v` FROM `xy_admin_setting`  [ RunTime:0.0000s ]
SQL: SELECT `id`,`title`,`pid`,`name`,`icon` FROM `xy_admin_auth_rule` WHERE ( islink=1   ) ORDER BY o ASC  [ RunTime:0.0010s ]

[ 2017-11-08T16:25:00+08:00 ] ::1 /Login/index.html
INFO: [ app_init ] --START--
INFO: Run Behavior\BuildLiteBehavior [ RunTime:0.000000s ]
INFO: [ app_init ] --END-- [ RunTime:0.000000s ]
INFO: [ app_begin ] --START--
INFO: Run Behavior\ReadHtmlCacheBehavior [ RunTime:0.001000s ]
INFO: [ app_begin ] --END-- [ RunTime:0.002000s ]
SQL: SHOW COLUMNS FROM `xy_admin_setting` [ RunTime:0.0010s ]
NOTIC: [8] A session had already been started - ignoring session_start() D:\wamp64\www\xiangyou\wxapp\App\Admin\Controller\ComController.class.php 第 129 行.
INFO: [ view_parse ] --START--
INFO: [ template_filter ] --START--
INFO: Run Behavior\ContentReplaceBehavior [ RunTime:0.000000s ]
INFO: [ template_filter ] --END-- [ RunTime:0.000000s ]
INFO: Run Behavior\ParseTemplateBehavior [ RunTime:0.010001s ]
INFO: [ view_parse ] --END-- [ RunTime:0.011001s ]
INFO: [ view_filter ] --START--
INFO: Run Behavior\WriteHtmlCacheBehavior [ RunTime:0.001000s ]
INFO: [ view_filter ] --END-- [ RunTime:0.001000s ]
INFO: [ app_end ] --START--
INFO: Run Behavior\ShowPageTraceBehavior [ RunTime:0.001000s ]
INFO: [ app_end ] --END-- [ RunTime:0.001000s ]

[ 2017-11-08T16:25:00+08:00 ] ::1 /login/verify?t=1212
INFO: [ app_init ] --START--
INFO: Run Behavior\BuildLiteBehavior [ RunTime:0.000000s ]
INFO: [ app_init ] --END-- [ RunTime:0.001001s ]
INFO: [ app_begin ] --START--
INFO: Run Behavior\ReadHtmlCacheBehavior [ RunTime:0.001000s ]
INFO: [ app_begin ] --END-- [ RunTime:0.001000s ]
SQL: SHOW COLUMNS FROM `xy_admin_setting` [ RunTime:0.0010s ]
INFO: [ app_end ] --START--
INFO: Run Behavior\ShowPageTraceBehavior [ RunTime:0.001000s ]
INFO: [ app_end ] --END-- [ RunTime:0.001000s ]

[ 2017-11-08T16:25:08+08:00 ] ::1 /login/login.html
INFO: [ app_init ] --START--
INFO: Run Behavior\BuildLiteBehavior [ RunTime:0.000000s ]
INFO: [ app_init ] --END-- [ RunTime:0.001000s ]
INFO: [ app_begin ] --START--
INFO: Run Behavior\ReadHtmlCacheBehavior [ RunTime:0.001001s ]
INFO: [ app_begin ] --END-- [ RunTime:0.001001s ]
SQL: SHOW COLUMNS FROM `xy_admin_setting` [ RunTime:0.0010s ]
SQL: SHOW COLUMNS FROM `xy_admins` [ RunTime:0.0010s ]
SQL: SELECT `id`,`name`,`password`,`type` FROM `xy_admins` WHERE `name` = 'admin' AND `password` = '66d6a1c8748025462128dc75bf5ae8d1' LIMIT 1   [ RunTime:0.0000s ]
NOTIC: [8] Undefined index: sign D:\wamp64\www\xiangyou\wxapp\App\Admin\Controller\LoginController.class.php 第 62 行.

[ 2017-11-08T16:25:08+08:00 ] ::1 /Index/index.html
INFO: [ app_init ] --START--
INFO: Run Behavior\BuildLiteBehavior [ RunTime:0.000000s ]
INFO: [ app_init ] --END-- [ RunTime:0.001001s ]
INFO: [ app_begin ] --START--
INFO: Run Behavior\ReadHtmlCacheBehavior [ RunTime:0.001000s ]
INFO: [ app_begin ] --END-- [ RunTime:0.001000s ]
SQL: SHOW COLUMNS FROM `xy_admin_setting` [ RunTime:0.0010s ]
NOTIC: [8] A session had already been started - ignoring session_start() D:\wamp64\www\xiangyou\wxapp\App\Admin\Controller\ComController.class.php 第 129 行.
SQL: SHOW COLUMNS FROM `xy_admin_auth_group_access` [ RunTime:0.0010s ]
SQL: SELECT * FROM `xy_admin_auth_group_access` WHERE `uid` = 1 LIMIT 1   [ RunTime:0.0010s ]
SQL: SHOW COLUMNS FROM `xy_admins` [ RunTime:0.0010s ]
SQL: SELECT * FROM `xy_admins` WHERE `id` = 1 LIMIT 1   [ RunTime:0.0000s ]
SQL: SELECT * FROM xy_admin_auth_group g left join xy_admin_auth_group_access a on g.id=a.group_id where a.uid=1 [ RunTime:0.0000s ]
SQL: SELECT s.id,s.title,s.name,s.tips,s.pid,p.pid as ppid,p.title as ptitle FROM xy_admin_auth_rule s left join xy_admin_auth_rule p on p.id=s.pid where s.name='Index/index' [ RunTime:0.0010s ]
SQL: SELECT `k`,`v` FROM `xy_admin_setting`  [ RunTime:0.0010s ]
SQL: SHOW COLUMNS FROM `xy_admin_auth_rule` [ RunTime:0.0010s ]
SQL: SELECT `id`,`title`,`pid`,`name`,`icon` FROM `xy_admin_auth_rule` WHERE ( islink=1   ) ORDER BY o ASC  [ RunTime:0.0000s ]
SQL: SELECT s.id,s.title,s.name,s.tips,s.pid,p.pid as ppid,p.title as ptitle FROM xy_admin_auth_rule s left join xy_admin_auth_rule p on p.id=s.pid where s.name='Index/index' [ RunTime:0.0010s ]
SQL: SELECT `k`,`v` FROM `xy_admin_setting`  [ RunTime:0.0000s ]
SQL: SELECT `id`,`title`,`pid`,`name`,`icon` FROM `xy_admin_auth_rule` WHERE ( islink=1   ) ORDER BY o ASC  [ RunTime:0.0000s ]
INFO: [ view_parse ] --START--
INFO: [ template_filter ] --START--
INFO: Run Behavior\ContentReplaceBehavior [ RunTime:0.001000s ]
INFO: [ template_filter ] --END-- [ RunTime:0.001000s ]
NOTIC: [8] Undefined variable: juror D:\wamp64\www\xiangyou\wxapp\App\Runtime\Cache\Admin\9df924d9a2d217daa77a359c5bee0c33.php 第 182 行.
INFO: Run Behavior\ParseTemplateBehavior [ RunTime:0.032002s ]
INFO: [ view_parse ] --END-- [ RunTime:0.033002s ]
INFO: [ view_filter ] --START--
INFO: Run Behavior\WriteHtmlCacheBehavior [ RunTime:0.001000s ]
INFO: [ view_filter ] --END-- [ RunTime:0.001000s ]
INFO: [ app_end ] --START--
INFO: Run Behavior\ShowPageTraceBehavior [ RunTime:0.001000s ]
INFO: [ app_end ] --END-- [ RunTime:0.001000s ]

[ 2017-11-08T16:25:09+08:00 ] ::1 /Index/Index/main.html
INFO: [ app_init ] --START--
INFO: Run Behavior\BuildLiteBehavior [ RunTime:0.000000s ]
INFO: [ app_init ] --END-- [ RunTime:0.001000s ]
INFO: [ app_begin ] --START--
INFO: Run Behavior\ReadHtmlCacheBehavior [ RunTime:0.001000s ]
INFO: [ app_begin ] --END-- [ RunTime:0.002000s ]
SQL: SHOW COLUMNS FROM `xy_admin_setting` [ RunTime:0.0020s ]
NOTIC: [8] A session had already been started - ignoring session_start() D:\wamp64\www\xiangyou\wxapp\App\Admin\Controller\ComController.class.php 第 129 行.
SQL: SHOW COLUMNS FROM `xy_admin_auth_group_access` [ RunTime:0.0010s ]
SQL: SELECT * FROM `xy_admin_auth_group_access` WHERE `uid` = 1 LIMIT 1   [ RunTime:0.0000s ]
SQL: SHOW COLUMNS FROM `xy_admins` [ RunTime:0.0010s ]
SQL: SELECT * FROM `xy_admins` WHERE `id` = 1 LIMIT 1   [ RunTime:0.0000s ]
SQL: SELECT * FROM xy_admin_auth_group g left join xy_admin_auth_group_access a on g.id=a.group_id where a.uid=1 [ RunTime:0.0000s ]
SQL: SELECT s.id,s.title,s.name,s.tips,s.pid,p.pid as ppid,p.title as ptitle FROM xy_admin_auth_rule s left join xy_admin_auth_rule p on p.id=s.pid where s.name='Index/main' [ RunTime:0.0010s ]
NOTIC: [8] Undefined offset: 0 D:\wamp64\www\xiangyou\wxapp\App\Admin\Controller\ComController.class.php 第 65 行.
SQL: SELECT `k`,`v` FROM `xy_admin_setting`  [ RunTime:0.0000s ]
SQL: SHOW COLUMNS FROM `xy_admin_auth_rule` [ RunTime:0.0010s ]
SQL: SELECT `id`,`title`,`pid`,`name`,`icon` FROM `xy_admin_auth_rule` WHERE ( islink=1   ) ORDER BY o ASC  [ RunTime:0.0010s ]
SQL: SELECT s.id,s.title,s.name,s.tips,s.pid,p.pid as ppid,p.title as ptitle FROM xy_admin_auth_rule s left join xy_admin_auth_rule p on p.id=s.pid where s.name='Index/main' [ RunTime:0.0010s ]
NOTIC: [8] Undefined offset: 0 D:\wamp64\www\xiangyou\wxapp\App\Admin\Controller\ComController.class.php 第 85 行.
SQL: SELECT `k`,`v` FROM `xy_admin_setting`  [ RunTime:0.0010s ]
SQL: SELECT `id`,`title`,`pid`,`name`,`icon` FROM `xy_admin_auth_rule` WHERE ( islink=1   ) ORDER BY o ASC  [ RunTime:0.0010s ]
INFO: [ view_parse ] --START--
INFO: [ template_filter ] --START--
INFO: Run Behavior\ContentReplaceBehavior [ RunTime:0.000000s ]
INFO: [ template_filter ] --END-- [ RunTime:0.000000s ]
INFO: Run Behavior\ParseTemplateBehavior [ RunTime:0.011001s ]
INFO: [ view_parse ] --END-- [ RunTime:0.011001s ]
INFO: [ view_filter ] --START--
INFO: Run Behavior\WriteHtmlCacheBehavior [ RunTime:0.002000s ]
INFO: [ view_filter ] --END-- [ RunTime:0.002000s ]
INFO: [ app_end ] --START--
INFO: Run Behavior\ShowPageTraceBehavior [ RunTime:0.001000s ]
INFO: [ app_end ] --END-- [ RunTime:0.002000s ]

[ 2017-11-08T16:25:11+08:00 ] ::1 /user/index.html?v=3.0
INFO: [ app_init ] --START--
INFO: Run Behavior\BuildLiteBehavior [ RunTime:0.000000s ]
INFO: [ app_init ] --END-- [ RunTime:0.001000s ]
INFO: [ app_begin ] --START--
INFO: Run Behavior\ReadHtmlCacheBehavior [ RunTime:0.001000s ]
INFO: [ app_begin ] --END-- [ RunTime:0.002000s ]
SQL: SHOW COLUMNS FROM `xy_admin_setting` [ RunTime:0.0010s ]
NOTIC: [8] A session had already been started - ignoring session_start() D:\wamp64\www\xiangyou\wxapp\App\Admin\Controller\ComController.class.php 第 129 行.
SQL: SHOW COLUMNS FROM `xy_admin_auth_group_access` [ RunTime:0.0010s ]
SQL: SELECT * FROM `xy_admin_auth_group_access` WHERE `uid` = 1 LIMIT 1   [ RunTime:0.0000s ]
SQL: SHOW COLUMNS FROM `xy_admins` [ RunTime:0.0010s ]
SQL: SELECT * FROM `xy_admins` WHERE `id` = 1 LIMIT 1   [ RunTime:0.0000s ]
SQL: SELECT * FROM xy_admin_auth_group g left join xy_admin_auth_group_access a on g.id=a.group_id where a.uid=1 [ RunTime:0.0000s ]
SQL: SELECT s.id,s.title,s.name,s.tips,s.pid,p.pid as ppid,p.title as ptitle FROM xy_admin_auth_rule s left join xy_admin_auth_rule p on p.id=s.pid where s.name='User/index' [ RunTime:0.0010s ]
SQL: SELECT `k`,`v` FROM `xy_admin_setting`  [ RunTime:0.0000s ]
SQL: SHOW COLUMNS FROM `xy_admin_auth_rule` [ RunTime:0.0000s ]
SQL: SELECT `id`,`title`,`pid`,`name`,`icon` FROM `xy_admin_auth_rule` WHERE ( islink=1   ) ORDER BY o ASC  [ RunTime:0.0010s ]
SQL: SELECT s.id,s.title,s.name,s.tips,s.pid,p.pid as ppid,p.title as ptitle FROM xy_admin_auth_rule s left join xy_admin_auth_rule p on p.id=s.pid where s.name='User/index' [ RunTime:0.0010s ]
SQL: SELECT `k`,`v` FROM `xy_admin_setting`  [ RunTime:0.0010s ]
SQL: SELECT `id`,`title`,`pid`,`name`,`icon` FROM `xy_admin_auth_rule` WHERE ( islink=1   ) ORDER BY o ASC  [ RunTime:0.0010s ]
INFO: [ view_parse ] --START--
INFO: [ template_filter ] --START--
INFO: Run Behavior\ContentReplaceBehavior [ RunTime:0.001000s ]
INFO: [ template_filter ] --END-- [ RunTime:0.001000s ]
INFO: Run Behavior\ParseTemplateBehavior [ RunTime:0.015001s ]
INFO: [ view_parse ] --END-- [ RunTime:0.015001s ]
INFO: [ view_filter ] --START--
INFO: Run Behavior\WriteHtmlCacheBehavior [ RunTime:0.001000s ]
INFO: [ view_filter ] --END-- [ RunTime:0.001000s ]
INFO: [ app_end ] --START--
INFO: Run Behavior\ShowPageTraceBehavior [ RunTime:0.001000s ]
INFO: [ app_end ] --END-- [ RunTime:0.001000s ]

[ 2017-11-08T16:25:11+08:00 ] ::1 /User/userlist.html
INFO: [ app_init ] --START--
INFO: Run Behavior\BuildLiteBehavior [ RunTime:0.000000s ]
INFO: [ app_init ] --END-- [ RunTime:0.001000s ]
INFO: [ app_begin ] --START--
INFO: Run Behavior\ReadHtmlCacheBehavior [ RunTime:0.001000s ]
INFO: [ app_begin ] --END-- [ RunTime:0.001000s ]
SQL: SHOW COLUMNS FROM `xy_admin_setting` [ RunTime:0.0010s ]
NOTIC: [8] A session had already been started - ignoring session_start() D:\wamp64\www\xiangyou\wxapp\App\Admin\Controller\ComController.class.php 第 129 行.
SQL: SHOW COLUMNS FROM `xy_admin_auth_group_access` [ RunTime:0.0000s ]
SQL: SELECT * FROM `xy_admin_auth_group_access` WHERE `uid` = 1 LIMIT 1   [ RunTime:0.0000s ]
SQL: SHOW COLUMNS FROM `xy_admins` [ RunTime:0.0010s ]
SQL: SELECT * FROM `xy_admins` WHERE `id` = 1 LIMIT 1   [ RunTime:0.0000s ]
SQL: SELECT * FROM xy_admin_auth_group g left join xy_admin_auth_group_access a on g.id=a.group_id where a.uid=1 [ RunTime:0.0010s ]
SQL: SELECT s.id,s.title,s.name,s.tips,s.pid,p.pid as ppid,p.title as ptitle FROM xy_admin_auth_rule s left join xy_admin_auth_rule p on p.id=s.pid where s.name='User/userlist' [ RunTime:0.0000s ]
NOTIC: [8] Undefined offset: 0 D:\wamp64\www\xiangyou\wxapp\App\Admin\Controller\ComController.class.php 第 65 行.
SQL: SELECT `k`,`v` FROM `xy_admin_setting`  [ RunTime:0.0000s ]
SQL: SHOW COLUMNS FROM `xy_admin_auth_rule` [ RunTime:0.0000s ]
SQL: SELECT `id`,`title`,`pid`,`name`,`icon` FROM `xy_admin_auth_rule` WHERE ( islink=1   ) ORDER BY o ASC  [ RunTime:0.0010s ]
SQL: SELECT s.id,s.title,s.name,s.tips,s.pid,p.pid as ppid,p.title as ptitle FROM xy_admin_auth_rule s left join xy_admin_auth_rule p on p.id=s.pid where s.name='User/userlist' [ RunTime:0.0010s ]
NOTIC: [8] Undefined offset: 0 D:\wamp64\www\xiangyou\wxapp\App\Admin\Controller\ComController.class.php 第 85 行.
SQL: SELECT `k`,`v` FROM `xy_admin_setting`  [ RunTime:0.0000s ]
SQL: SELECT `id`,`title`,`pid`,`name`,`icon` FROM `xy_admin_auth_rule` WHERE ( islink=1   ) ORDER BY o ASC  [ RunTime:0.0010s ]
SQL: SHOW COLUMNS FROM `xy_user` [ RunTime:0.0000s ]
SQL: SELECT * FROM `xy_user`  [ RunTime:0.0000s ]

[ 2017-11-08T16:25:26+08:00 ] ::1 /Menu/add.html?v=3.0
INFO: [ app_init ] --START--
INFO: Run Behavior\BuildLiteBehavior [ RunTime:0.000000s ]
INFO: [ app_init ] --END-- [ RunTime:0.000000s ]
INFO: [ app_begin ] --START--
INFO: Run Behavior\ReadHtmlCacheBehavior [ RunTime:0.001000s ]
INFO: [ app_begin ] --END-- [ RunTime:0.001000s ]
SQL: SHOW COLUMNS FROM `xy_admin_setting` [ RunTime:0.0010s ]
NOTIC: [8] A session had already been started - ignoring session_start() D:\wamp64\www\xiangyou\wxapp\App\Admin\Controller\ComController.class.php 第 129 行.
SQL: SHOW COLUMNS FROM `xy_admin_auth_group_access` [ RunTime:0.0010s ]
SQL: SELECT * FROM `xy_admin_auth_group_access` WHERE `uid` = 1 LIMIT 1   [ RunTime:0.0010s ]
SQL: SHOW COLUMNS FROM `xy_admins` [ RunTime:0.0010s ]
SQL: SELECT * FROM `xy_admins` WHERE `id` = 1 LIMIT 1   [ RunTime:0.0000s ]
SQL: SELECT * FROM xy_admin_auth_group g left join xy_admin_auth_group_access a on g.id=a.group_id where a.uid=1 [ RunTime:0.0000s ]
SQL: SELECT s.id,s.title,s.name,s.tips,s.pid,p.pid as ppid,p.title as ptitle FROM xy_admin_auth_rule s left join xy_admin_auth_rule p on p.id=s.pid where s.name='Menu/add' [ RunTime:0.0010s ]
SQL: SELECT `k`,`v` FROM `xy_admin_setting`  [ RunTime:0.0010s ]
SQL: SHOW COLUMNS FROM `xy_admin_auth_rule` [ RunTime:0.0010s ]
SQL: SELECT `id`,`title`,`pid`,`name`,`icon` FROM `xy_admin_auth_rule` WHERE ( islink=1   ) ORDER BY o ASC  [ RunTime:0.0000s ]
SQL: SELECT s.id,s.title,s.name,s.tips,s.pid,p.pid as ppid,p.title as ptitle FROM xy_admin_auth_rule s left join xy_admin_auth_rule p on p.id=s.pid where s.name='Menu/add' [ RunTime:0.0000s ]
SQL: SELECT `k`,`v` FROM `xy_admin_setting`  [ RunTime:0.0000s ]
SQL: SELECT `id`,`title`,`pid`,`name`,`icon` FROM `xy_admin_auth_rule` WHERE ( islink=1   ) ORDER BY o ASC  [ RunTime:0.0010s ]
SQL: SELECT * FROM `xy_admin_auth_rule` ORDER BY o ASC  [ RunTime:0.0010s ]
INFO: [ view_parse ] --START--
INFO: [ template_filter ] --START--
INFO: Run Behavior\ContentReplaceBehavior [ RunTime:0.000000s ]
INFO: [ template_filter ] --END-- [ RunTime:0.000000s ]
NOTIC: [8] Undefined variable: currentmenu D:\wamp64\www\xiangyou\wxapp\App\Runtime\Cache\Admin\d27bf245898626b899861204238ce8ef.php 第 105 行.
NOTIC: [8] Undefined variable: currentmenu D:\wamp64\www\xiangyou\wxapp\App\Runtime\Cache\Admin\d27bf245898626b899861204238ce8ef.php 第 109 行.
NOTIC: [8] Undefined variable: currentmenu D:\wamp64\www\xiangyou\wxapp\App\Runtime\Cache\Admin\d27bf245898626b899861204238ce8ef.php 第 112 行.
NOTIC: [8] Undefined variable: currentmenu D:\wamp64\www\xiangyou\wxapp\App\Runtime\Cache\Admin\d27bf245898626b899861204238ce8ef.php 第 115 行.
NOTIC: [8] Undefined variable: currentmenu D:\wamp64\www\xiangyou\wxapp\App\Runtime\Cache\Admin\d27bf245898626b899861204238ce8ef.php 第 112 行.
NOTIC: [8] Undefined variable: currentmenu D:\wamp64\www\xiangyou\wxapp\App\Runtime\Cache\Admin\d27bf245898626b899861204238ce8ef.php 第 115 行.
NOTIC: [8] Undefined variable: currentmenu D:\wamp64\www\xiangyou\wxapp\App\Runtime\Cache\Admin\d27bf245898626b899861204238ce8ef.php 第 112 行.
NOTIC: [8] Undefined variable: currentmenu D:\wamp64\www\xiangyou\wxapp\App\Runtime\Cache\Admin\d27bf245898626b899861204238ce8ef.php 第 115 行.
NOTIC: [8] Undefined variable: currentmenu D:\wamp64\www\xiangyou\wxapp\App\Runtime\Cache\Admin\d27bf245898626b899861204238ce8ef.php 第 115 行.
NOTIC: [8] Undefined variable: currentmenu D:\wamp64\www\xiangyou\wxapp\App\Runtime\Cache\Admin\d27bf245898626b899861204238ce8ef.php 第 115 行.
NOTIC: [8] Undefined variable: currentmenu D:\wamp64\www\xiangyou\wxapp\App\Runtime\Cache\Admin\d27bf245898626b899861204238ce8ef.php 第 112 行.
NOTIC: [8] Undefined variable: currentmenu D:\wamp64\www\xiangyou\wxapp\App\Runtime\Cache\Admin\d27bf245898626b899861204238ce8ef.php 第 115 行.
NOTIC: [8] Undefined variable: currentmenu D:\wamp64\www\xiangyou\wxapp\App\Runtime\Cache\Admin\d27bf245898626b899861204238ce8ef.php 第 115 行.
NOTIC: [8] Undefined variable: currentmenu D:\wamp64\www\xiangyou\wxapp\App\Runtime\Cache\Admin\d27bf245898626b899861204238ce8ef.php 第 115 行.
NOTIC: [8] Undefined variable: currentmenu D:\wamp64\www\xiangyou\wxapp\App\Runtime\Cache\Admin\d27bf245898626b899861204238ce8ef.php 第 112 行.
NOTIC: [8] Undefined variable: currentmenu D:\wamp64\www\xiangyou\wxapp\App\Runtime\Cache\Admin\d27bf245898626b899861204238ce8ef.php 第 115 行.
NOTIC: [8] Undefined variable: currentmenu D:\wamp64\www\xiangyou\wxapp\App\Runtime\Cache\Admin\d27bf245898626b899861204238ce8ef.php 第 112 行.
NOTIC: [8] Undefined variable: currentmenu D:\wamp64\www\xiangyou\wxapp\App\Runtime\Cache\Admin\d27bf245898626b899861204238ce8ef.php 第 115 行.
NOTIC: [8] Undefined variable: currentmenu D:\wamp64\www\xiangyou\wxapp\App\Runtime\Cache\Admin\d27bf245898626b899861204238ce8ef.php 第 112 行.
NOTIC: [8] Undefined variable: currentmenu D:\wamp64\www\xiangyou\wxapp\App\Runtime\Cache\Admin\d27bf245898626b899861204238ce8ef.php 第 115 行.
NOTIC: [8] Undefined variable: currentmenu D:\wamp64\www\xiangyou\wxapp\App\Runtime\Cache\Admin\d27bf245898626b899861204238ce8ef.php 第 115 行.
NOTIC: [8] Undefined variable: currentmenu D:\wamp64\www\xiangyou\wxapp\App\Runtime\Cache\Admin\d27bf245898626b899861204238ce8ef.php 第 115 行.
NOTIC: [8] Undefined variable: currentmenu D:\wamp64\www\xiangyou\wxapp\App\Runtime\Cache\Admin\d27bf245898626b899861204238ce8ef.php 第 115 行.
NOTIC: [8] Undefined variable: currentmenu D:\wamp64\www\xiangyou\wxapp\App\Runtime\Cache\Admin\d27bf245898626b899861204238ce8ef.php 第 115 行.
NOTIC: [8] Undefined variable: currentmenu D:\wamp64\www\xiangyou\wxapp\App\Runtime\Cache\Admin\d27bf245898626b899861204238ce8ef.php 第 115 行.
NOTIC: [8] Undefined variable: currentmenu D:\wamp64\www\xiangyou\wxapp\App\Runtime\Cache\Admin\d27bf245898626b899861204238ce8ef.php 第 115 行.
NOTIC: [8] Undefined variable: currentmenu D:\wamp64\www\xiangyou\wxapp\App\Runtime\Cache\Admin\d27bf245898626b899861204238ce8ef.php 第 115 行.
NOTIC: [8] Undefined variable: currentmenu D:\wamp64\www\xiangyou\wxapp\App\Runtime\Cache\Admin\d27bf245898626b899861204238ce8ef.php 第 115 行.
NOTIC: [8] Undefined variable: currentmenu D:\wamp64\www\xiangyou\wxapp\App\Runtime\Cache\Admin\d27bf245898626b899861204238ce8ef.php 第 115 行.
NOTIC: [8] Undefined variable: currentmenu D:\wamp64\www\xiangyou\wxapp\App\Runtime\Cache\Admin\d27bf245898626b899861204238ce8ef.php 第 112 行.
NOTIC: [8] Undefined variable: currentmenu D:\wamp64\www\xiangyou\wxapp\App\Runtime\Cache\Admin\d27bf245898626b899861204238ce8ef.php 第 115 行.
NOTIC: [8] Undefined variable: currentmenu D:\wamp64\www\xiangyou\wxapp\App\Runtime\Cache\Admin\d27bf245898626b899861204238ce8ef.php 第 115 行.
NOTIC: [8] Undefined variable: currentmenu D:\wamp64\www\xiangyou\wxapp\App\Runtime\Cache\Admin\d27bf245898626b899861204238ce8ef.php 第 115 行.
NOTIC: [8] Undefined variable: currentmenu D:\wamp64\www\xiangyou\wxapp\App\Runtime\Cache\Admin\d27bf245898626b899861204238ce8ef.php 第 115 行.
NOTIC: [8] Undefined variable: currentmenu D:\wamp64\www\xiangyou\wxapp\App\Runtime\Cache\Admin\d27bf245898626b899861204238ce8ef.php 第 112 行.
NOTIC: [8] Undefined variable: currentmenu D:\wamp64\www\xiangyou\wxapp\App\Runtime\Cache\Admin\d27bf245898626b899861204238ce8ef.php 第 115 行.
NOTIC: [8] Undefined variable: currentmenu D:\wamp64\www\xiangyou\wxapp\App\Runtime\Cache\Admin\d27bf245898626b899861204238ce8ef.php 第 115 行.
NOTIC: [8] Undefined variable: currentmenu D:\wamp64\www\xiangyou\wxapp\App\Runtime\Cache\Admin\d27bf245898626b899861204238ce8ef.php 第 115 行.
NOTIC: [8] Undefined variable: currentmenu D:\wamp64\www\xiangyou\wxapp\App\Runtime\Cache\Admin\d27bf245898626b899861204238ce8ef.php 第 115 行.
NOTIC: [8] Undefined variable: currentmenu D:\wamp64\www\xiangyou\wxapp\App\Runtime\Cache\Admin\d27bf245898626b899861204238ce8ef.php 第 115 行.
NOTIC: [8] Undefined variable: currentmenu D:\wamp64\www\xiangyou\wxapp\App\Runtime\Cache\Admin\d27bf245898626b899861204238ce8ef.php 第 112 行.
NOTIC: [8] Undefined variable: currentmenu D:\wamp64\www\xiangyou\wxapp\App\Runtime\Cache\Admin\d27bf245898626b899861204238ce8ef.php 第 115 行.
NOTIC: [8] Undefined variable: currentmenu D:\wamp64\www\xiangyou\wxapp\App\Runtime\Cache\Admin\d27bf245898626b899861204238ce8ef.php 第 115 行.
NOTIC: [8] Undefined variable: currentmenu D:\wamp64\www\xiangyou\wxapp\App\Runtime\Cache\Admin\d27bf245898626b899861204238ce8ef.php 第 115 行.
NOTIC: [8] Undefined variable: currentmenu D:\wamp64\www\xiangyou\wxapp\App\Runtime\Cache\Admin\d27bf245898626b899861204238ce8ef.php 第 115 行.
NOTIC: [8] Undefined variable: currentmenu D:\wamp64\www\xiangyou\wxapp\App\Runtime\Cache\Admin\d27bf245898626b899861204238ce8ef.php 第 115 行.
NOTIC: [8] Undefined variable: currentmenu D:\wamp64\www\xiangyou\wxapp\App\Runtime\Cache\Admin\d27bf245898626b899861204238ce8ef.php 第 115 行.
NOTIC: [8] Undefined variable: currentmenu D:\wamp64\www\xiangyou\wxapp\App\Runtime\Cache\Admin\d27bf245898626b899861204238ce8ef.php 第 115 行.
NOTIC: [8] Undefined variable: currentmenu D:\wamp64\www\xiangyou\wxapp\App\Runtime\Cache\Admin\d27bf245898626b899861204238ce8ef.php 第 115 行.
NOTIC: [8] Undefined variable: currentmenu D:\wamp64\www\xiangyou\wxapp\App\Runtime\Cache\Admin\d27bf245898626b899861204238ce8ef.php 第 115 行.
NOTIC: [8] Undefined variable: currentmenu D:\wamp64\www\xiangyou\wxapp\App\Runtime\Cache\Admin\d27bf245898626b899861204238ce8ef.php 第 115 行.
NOTIC: [8] Undefined variable: currentmenu D:\wamp64\www\xiangyou\wxapp\App\Runtime\Cache\Admin\d27bf245898626b899861204238ce8ef.php 第 112 行.
NOTIC: [8] Undefined variable: currentmenu D:\wamp64\www\xiangyou\wxapp\App\Runtime\Cache\Admin\d27bf245898626b899861204238ce8ef.php 第 115 行.
NOTIC: [8] Undefined variable: currentmenu D:\wamp64\www\xiangyou\wxapp\App\Runtime\Cache\Admin\d27bf245898626b899861204238ce8ef.php 第 115 行.
NOTIC: [8] Undefined variable: currentmenu D:\wamp64\www\xiangyou\wxapp\App\Runtime\Cache\Admin\d27bf245898626b899861204238ce8ef.php 第 115 行.
NOTIC: [8] Undefined variable: currentmenu D:\wamp64\www\xiangyou\wxapp\App\Runtime\Cache\Admin\d27bf245898626b899861204238ce8ef.php 第 128 行.
NOTIC: [8] Undefined variable: currentmenu D:\wamp64\www\xiangyou\wxapp\App\Runtime\Cache\Admin\d27bf245898626b899861204238ce8ef.php 第 140 行.
NOTIC: [8] Undefined variable: currentmenu D:\wamp64\www\xiangyou\wxapp\App\Runtime\Cache\Admin\d27bf245898626b899861204238ce8ef.php 第 153 行.
NOTIC: [8] Undefined variable: currentmenu D:\wamp64\www\xiangyou\wxapp\App\Runtime\Cache\Admin\d27bf245898626b899861204238ce8ef.php 第 165 行.
NOTIC: [8] Undefined variable: currentmenu D:\wamp64\www\xiangyou\wxapp\App\Runtime\Cache\Admin\d27bf245898626b899861204238ce8ef.php 第 179 行.
NOTIC: [8] Undefined variable: currentmenu D:\wamp64\www\xiangyou\wxapp\App\Runtime\Cache\Admin\d27bf245898626b899861204238ce8ef.php 第 190 行.
INFO: Run Behavior\ParseTemplateBehavior [ RunTime:0.026001s ]
INFO: [ view_parse ] --END-- [ RunTime:0.026001s ]
INFO: [ view_filter ] --START--
INFO: Run Behavior\WriteHtmlCacheBehavior [ RunTime:0.001001s ]
INFO: [ view_filter ] --END-- [ RunTime:0.001001s ]
INFO: [ app_end ] --START--
INFO: Run Behavior\ShowPageTraceBehavior [ RunTime:0.001000s ]
INFO: [ app_end ] --END-- [ RunTime:0.001000s ]

[ 2017-11-08T16:25:28+08:00 ] ::1 /Menu/index.html?v=3.0
INFO: [ app_init ] --START--
INFO: Run Behavior\BuildLiteBehavior [ RunTime:0.000000s ]
INFO: [ app_init ] --END-- [ RunTime:0.001000s ]
INFO: [ app_begin ] --START--
INFO: Run Behavior\ReadHtmlCacheBehavior [ RunTime:0.001000s ]
INFO: [ app_begin ] --END-- [ RunTime:0.003000s ]
SQL: SHOW COLUMNS FROM `xy_admin_setting` [ RunTime:0.0010s ]
NOTIC: [8] A session had already been started - ignoring session_start() D:\wamp64\www\xiangyou\wxapp\App\Admin\Controller\ComController.class.php 第 129 行.
SQL: SHOW COLUMNS FROM `xy_admin_auth_group_access` [ RunTime:0.0010s ]
SQL: SELECT * FROM `xy_admin_auth_group_access` WHERE `uid` = 1 LIMIT 1   [ RunTime:0.0000s ]
SQL: SHOW COLUMNS FROM `xy_admins` [ RunTime:0.0010s ]
SQL: SELECT * FROM `xy_admins` WHERE `id` = 1 LIMIT 1   [ RunTime:0.0000s ]
SQL: SELECT * FROM xy_admin_auth_group g left join xy_admin_auth_group_access a on g.id=a.group_id where a.uid=1 [ RunTime:0.0000s ]
SQL: SELECT s.id,s.title,s.name,s.tips,s.pid,p.pid as ppid,p.title as ptitle FROM xy_admin_auth_rule s left join xy_admin_auth_rule p on p.id=s.pid where s.name='Menu/index' [ RunTime:0.0010s ]
SQL: SELECT `k`,`v` FROM `xy_admin_setting`  [ RunTime:0.0000s ]
SQL: SHOW COLUMNS FROM `xy_admin_auth_rule` [ RunTime:0.0020s ]
SQL: SELECT `id`,`title`,`pid`,`name`,`icon` FROM `xy_admin_auth_rule` WHERE ( islink=1   ) ORDER BY o ASC  [ RunTime:0.0010s ]
SQL: SELECT s.id,s.title,s.name,s.tips,s.pid,p.pid as ppid,p.title as ptitle FROM xy_admin_auth_rule s left join xy_admin_auth_rule p on p.id=s.pid where s.name='Menu/index' [ RunTime:0.0010s ]
SQL: SELECT `k`,`v` FROM `xy_admin_setting`  [ RunTime:0.0000s ]
SQL: SELECT `id`,`title`,`pid`,`name`,`icon` FROM `xy_admin_auth_rule` WHERE ( islink=1   ) ORDER BY o ASC  [ RunTime:0.0010s ]
SQL: SELECT COUNT(*) AS tp_count FROM `xy_admin_auth_rule` LIMIT 1   [ RunTime:0.0000s ]
SQL: SELECT * FROM `xy_admin_auth_rule` ORDER BY o asc  [ RunTime:0.0020s ]
INFO: [ view_parse ] --START--
INFO: [ template_filter ] --START--
INFO: Run Behavior\ContentReplaceBehavior [ RunTime:0.000000s ]
INFO: [ template_filter ] --END-- [ RunTime:0.000000s ]
NOTIC: [8] Undefined variable: page D:\wamp64\www\xiangyou\wxapp\App\Runtime\Cache\Admin\5a1d71dcf039f1b3725a8d8d96ae9d91.php 第 178 行.
INFO: Run Behavior\ParseTemplateBehavior [ RunTime:0.040002s ]
INFO: [ view_parse ] --END-- [ RunTime:0.040002s ]
INFO: [ view_filter ] --START--
INFO: Run Behavior\WriteHtmlCacheBehavior [ RunTime:0.001000s ]
INFO: [ view_filter ] --END-- [ RunTime:0.001000s ]
INFO: [ app_end ] --START--
INFO: Run Behavior\ShowPageTraceBehavior [ RunTime:0.001000s ]
INFO: [ app_end ] --END-- [ RunTime:0.001000s ]

[ 2017-11-08T16:25:28+08:00 ] ::1 /Public/qwadmin/css/fonts/glyphicons-halflings-regular.woff
INFO: [ app_init ] --START--
INFO: Run Behavior\BuildLiteBehavior [ RunTime:0.000000s ]
INFO: [ app_init ] --END-- [ RunTime:0.000000s ]
INFO: [ app_begin ] --START--
INFO: Run Behavior\ReadHtmlCacheBehavior [ RunTime:0.001000s ]
INFO: [ app_begin ] --END-- [ RunTime:0.002000s ]
INFO: [ view_parse ] --START--
INFO: [ template_filter ] --START--
INFO: Run Behavior\ContentReplaceBehavior [ RunTime:0.000000s ]
INFO: [ template_filter ] --END-- [ RunTime:0.000000s ]
INFO: Run Behavior\ParseTemplateBehavior [ RunTime:0.012000s ]
INFO: [ view_parse ] --END-- [ RunTime:0.012000s ]
INFO: [ view_filter ] --START--
INFO: Run Behavior\WriteHtmlCacheBehavior [ RunTime:0.001000s ]
INFO: [ view_filter ] --END-- [ RunTime:0.001000s ]
INFO: [ app_end ] --START--
INFO: Run Behavior\ShowPageTraceBehavior [ RunTime:0.002001s ]
INFO: [ app_end ] --END-- [ RunTime:0.002001s ]

[ 2017-11-08T16:25:28+08:00 ] ::1 /Public/qwadmin/css/fonts/glyphicons-halflings-regular.ttf
INFO: [ app_init ] --START--
INFO: Run Behavior\BuildLiteBehavior [ RunTime:0.000000s ]
INFO: [ app_init ] --END-- [ RunTime:0.001000s ]
INFO: [ app_begin ] --START--
INFO: Run Behavior\ReadHtmlCacheBehavior [ RunTime:0.001000s ]
INFO: [ app_begin ] --END-- [ RunTime:0.002001s ]
INFO: [ view_parse ] --START--
INFO: [ template_filter ] --START--
INFO: Run Behavior\ContentReplaceBehavior [ RunTime:0.000000s ]
INFO: [ template_filter ] --END-- [ RunTime:0.000000s ]
INFO: Run Behavior\ParseTemplateBehavior [ RunTime:0.012000s ]
INFO: [ view_parse ] --END-- [ RunTime:0.013000s ]
INFO: [ view_filter ] --START--
INFO: Run Behavior\WriteHtmlCacheBehavior [ RunTime:0.000000s ]
INFO: [ view_filter ] --END-- [ RunTime:0.002001s ]
INFO: [ app_end ] --START--
INFO: Run Behavior\ShowPageTraceBehavior [ RunTime:0.002000s ]
INFO: [ app_end ] --END-- [ RunTime:0.002000s ]

[ 2017-11-08T16:25:31+08:00 ] ::1 /Setting/setting.html?v=3.0
INFO: [ app_init ] --START--
INFO: Run Behavior\BuildLiteBehavior [ RunTime:0.000000s ]
INFO: [ app_init ] --END-- [ RunTime:0.001000s ]
INFO: [ app_begin ] --START--
INFO: Run Behavior\ReadHtmlCacheBehavior [ RunTime:0.001000s ]
INFO: [ app_begin ] --END-- [ RunTime:0.001000s ]
SQL: SHOW COLUMNS FROM `xy_admin_setting` [ RunTime:0.0010s ]
NOTIC: [8] A session had already been started - ignoring session_start() D:\wamp64\www\xiangyou\wxapp\App\Admin\Controller\ComController.class.php 第 129 行.
SQL: SHOW COLUMNS FROM `xy_admin_auth_group_access` [ RunTime:0.0000s ]
SQL: SELECT * FROM `xy_admin_auth_group_access` WHERE `uid` = 1 LIMIT 1   [ RunTime:0.0000s ]
SQL: SHOW COLUMNS FROM `xy_admins` [ RunTime:0.0000s ]
SQL: SELECT * FROM `xy_admins` WHERE `id` = 1 LIMIT 1   [ RunTime:0.0000s ]
SQL: SELECT * FROM xy_admin_auth_group g left join xy_admin_auth_group_access a on g.id=a.group_id where a.uid=1 [ RunTime:0.0000s ]
SQL: SELECT s.id,s.title,s.name,s.tips,s.pid,p.pid as ppid,p.title as ptitle FROM xy_admin_auth_rule s left join xy_admin_auth_rule p on p.id=s.pid where s.name='Setting/setting' [ RunTime:0.0000s ]
SQL: SELECT `k`,`v` FROM `xy_admin_setting`  [ RunTime:0.0000s ]
SQL: SHOW COLUMNS FROM `xy_admin_auth_rule` [ RunTime:0.0010s ]
SQL: SELECT `id`,`title`,`pid`,`name`,`icon` FROM `xy_admin_auth_rule` WHERE ( islink=1   ) ORDER BY o ASC  [ RunTime:0.0010s ]
SQL: SELECT s.id,s.title,s.name,s.tips,s.pid,p.pid as ppid,p.title as ptitle FROM xy_admin_auth_rule s left join xy_admin_auth_rule p on p.id=s.pid where s.name='Setting/setting' [ RunTime:0.0010s ]
SQL: SELECT `k`,`v` FROM `xy_admin_setting`  [ RunTime:0.0000s ]
SQL: SELECT `id`,`title`,`pid`,`name`,`icon` FROM `xy_admin_auth_rule` WHERE ( islink=1   ) ORDER BY o ASC  [ RunTime:0.0010s ]
SQL: SELECT * FROM `xy_admin_setting` WHERE ( type=1 )  [ RunTime:0.0010s ]
INFO: [ view_parse ] --START--
INFO: [ template_filter ] --START--
INFO: Run Behavior\ContentReplaceBehavior [ RunTime:0.000000s ]
INFO: [ template_filter ] --END-- [ RunTime:0.000000s ]
INFO: Run Behavior\ParseTemplateBehavior [ RunTime:0.018001s ]
INFO: [ view_parse ] --END-- [ RunTime:0.018001s ]
INFO: [ view_filter ] --START--
INFO: Run Behavior\WriteHtmlCacheBehavior [ RunTime:0.001000s ]
INFO: [ view_filter ] --END-- [ RunTime:0.001000s ]
INFO: [ app_end ] --START--
INFO: Run Behavior\ShowPageTraceBehavior [ RunTime:0.001000s ]
INFO: [ app_end ] --END-- [ RunTime:0.001000s ]

[ 2017-11-08T16:27:04+08:00 ] ::1 /Member/index.html?v=3.0
INFO: [ app_init ] --START--
INFO: Run Behavior\BuildLiteBehavior [ RunTime:0.000000s ]
INFO: [ app_init ] --END-- [ RunTime:0.001000s ]
INFO: [ app_begin ] --START--
INFO: Run Behavior\ReadHtmlCacheBehavior [ RunTime:0.001000s ]
INFO: [ app_begin ] --END-- [ RunTime:0.001000s ]
SQL: SHOW COLUMNS FROM `xy_admin_setting` [ RunTime:0.0010s ]
NOTIC: [8] A session had already been started - ignoring session_start() D:\wamp64\www\xiangyou\wxapp\App\Admin\Controller\ComController.class.php 第 129 行.
SQL: SHOW COLUMNS FROM `xy_admin_auth_group_access` [ RunTime:0.0010s ]
SQL: SELECT * FROM `xy_admin_auth_group_access` WHERE `uid` = 1 LIMIT 1   [ RunTime:0.0000s ]
SQL: SHOW COLUMNS FROM `xy_admins` [ RunTime:0.0010s ]
SQL: SELECT * FROM `xy_admins` WHERE `id` = 1 LIMIT 1   [ RunTime:0.0010s ]
SQL: SELECT * FROM xy_admin_auth_group g left join xy_admin_auth_group_access a on g.id=a.group_id where a.uid=1 [ RunTime:0.0000s ]
SQL: SELECT s.id,s.title,s.name,s.tips,s.pid,p.pid as ppid,p.title as ptitle FROM xy_admin_auth_rule s left join xy_admin_auth_rule p on p.id=s.pid where s.name='Member/index' [ RunTime:0.0010s ]
SQL: SELECT `k`,`v` FROM `xy_admin_setting`  [ RunTime:0.0000s ]
SQL: SHOW COLUMNS FROM `xy_admin_auth_rule` [ RunTime:0.0000s ]
SQL: SELECT `id`,`title`,`pid`,`name`,`icon` FROM `xy_admin_auth_rule` WHERE ( islink=1   ) ORDER BY o ASC  [ RunTime:0.0010s ]
SQL: SELECT s.id,s.title,s.name,s.tips,s.pid,p.pid as ppid,p.title as ptitle FROM xy_admin_auth_rule s left join xy_admin_auth_rule p on p.id=s.pid where s.name='Member/index' [ RunTime:0.0000s ]
SQL: SELECT `k`,`v` FROM `xy_admin_setting`  [ RunTime:0.0010s ]
SQL: SELECT `id`,`title`,`pid`,`name`,`icon` FROM `xy_admin_auth_rule` WHERE ( islink=1   ) ORDER BY o ASC  [ RunTime:0.0010s ]
SQL: SHOW COLUMNS FROM `xy_admin_member` [ RunTime:0.0010s ]
SQL: SELECT COUNT(*) AS tp_count FROM `xy_admin_member` INNER JOIN xy_admin_auth_group_access ON xy_admin_member.uid = xy_admin_auth_group_access.uid INNER JOIN xy_admin_auth_group ON xy_admin_auth_group.id = xy_admin_auth_group_access.group_id  ORDER BY xy_admin_member.uid asc LIMIT 1   [ RunTime:0.0000s ]
SQL: SELECT xy_admin_member.*,xy_admin_auth_group.id as gid,xy_admin_auth_group.title FROM `xy_admin_member` INNER JOIN xy_admin_auth_group_access ON xy_admin_member.uid = xy_admin_auth_group_access.uid INNER JOIN xy_admin_auth_group ON xy_admin_auth_group.id = xy_admin_auth_group_access.group_id  ORDER BY xy_admin_member.uid asc LIMIT 0,20   [ RunTime:0.0000s ]
SQL: SHOW COLUMNS FROM `xy_admin_auth_group` [ RunTime:0.0000s ]
SQL: SELECT `id`,`title` FROM `xy_admin_auth_group`  [ RunTime:0.0000s ]
INFO: [ view_parse ] --START--
INFO: [ template_filter ] --START--
INFO: Run Behavior\ContentReplaceBehavior [ RunTime:0.000000s ]
INFO: [ template_filter ] --END-- [ RunTime:0.000000s ]
NOTIC: [8] Use of undefined constant user - assumed 'user' D:\wamp64\www\xiangyou\wxapp\App\Runtime\Cache\Admin\24a7b615857159f3d4f882795b651d68.php 第 106 行.
NOTIC: [8] Use of undefined constant phone - assumed 'phone' D:\wamp64\www\xiangyou\wxapp\App\Runtime\Cache\Admin\24a7b615857159f3d4f882795b651d68.php 第 107 行.
NOTIC: [8] Use of undefined constant qq - assumed 'qq' D:\wamp64\www\xiangyou\wxapp\App\Runtime\Cache\Admin\24a7b615857159f3d4f882795b651d68.php 第 108 行.
NOTIC: [8] Use of undefined constant email - assumed 'email' D:\wamp64\www\xiangyou\wxapp\App\Runtime\Cache\Admin\24a7b615857159f3d4f882795b651d68.php 第 109 行.
NOTIC: [8] Use of undefined constant keyword - assumed 'keyword' D:\wamp64\www\xiangyou\wxapp\App\Runtime\Cache\Admin\24a7b615857159f3d4f882795b651d68.php 第 111 行.
NOTIC: [8] Use of undefined constant asc - assumed 'asc' D:\wamp64\www\xiangyou\wxapp\App\Runtime\Cache\Admin\24a7b615857159f3d4f882795b651d68.php 第 114 行.
NOTIC: [8] Use of undefined constant desc - assumed 'desc' D:\wamp64\www\xiangyou\wxapp\App\Runtime\Cache\Admin\24a7b615857159f3d4f882795b651d68.php 第 115 行.
INFO: Run Behavior\ParseTemplateBehavior [ RunTime:0.029002s ]
INFO: [ view_parse ] --END-- [ RunTime:0.029002s ]
INFO: [ view_filter ] --START--
INFO: Run Behavior\WriteHtmlCacheBehavior [ RunTime:0.001000s ]
INFO: [ view_filter ] --END-- [ RunTime:0.001000s ]
INFO: [ app_end ] --START--
INFO: Run Behavior\ShowPageTraceBehavior [ RunTime:0.000000s ]
INFO: [ app_end ] --END-- [ RunTime:0.001000s ]

