[ 2017-11-14T00:39:22+08:00 ] ::1 /
INFO: [ app_init ] --START--
INFO: Run Behavior\BuildLiteBehavior [ RunTime:0.000000s ]
INFO: [ app_init ] --END-- [ RunTime:0.002000s ]
INFO: [ app_begin ] --START--
INFO: Run Behavior\ReadHtmlCacheBehavior [ RunTime:0.001000s ]
INFO: [ app_begin ] --END-- [ RunTime:0.001000s ]
SQL: SHOW COLUMNS FROM `xy_admin_setting` [ RunTime:0.0120s ]
NOTIC: [8] A session had already been started - ignoring session_start() D:\wamp64\www\xiangyou\wxapp\App\Admin\Controller\ComController.class.php 第 131 行.

[ 2017-11-14T00:39:22+08:00 ] ::1 /login/index
INFO: [ app_init ] --START--
INFO: Run Behavior\BuildLiteBehavior [ RunTime:0.000000s ]
INFO: [ app_init ] --END-- [ RunTime:0.000000s ]
INFO: [ app_begin ] --START--
INFO: Run Behavior\ReadHtmlCacheBehavior [ RunTime:0.000000s ]
INFO: [ app_begin ] --END-- [ RunTime:0.001000s ]
SQL: SHOW COLUMNS FROM `xy_admin_setting` [ RunTime:0.0000s ]
NOTIC: [8] A session had already been started - ignoring session_start() D:\wamp64\www\xiangyou\wxapp\App\Admin\Controller\ComController.class.php 第 131 行.
INFO: [ view_parse ] --START--
INFO: [ template_filter ] --START--
INFO: Run Behavior\ContentReplaceBehavior [ RunTime:0.000000s ]
INFO: [ template_filter ] --END-- [ RunTime:0.000000s ]
INFO: Run Behavior\ParseTemplateBehavior [ RunTime:0.011001s ]
INFO: [ view_parse ] --END-- [ RunTime:0.012001s ]
INFO: [ view_filter ] --START--
INFO: Run Behavior\WriteHtmlCacheBehavior [ RunTime:0.001000s ]
INFO: [ view_filter ] --END-- [ RunTime:0.001000s ]
INFO: [ app_end ] --START--
INFO: Run Behavior\ShowPageTraceBehavior [ RunTime:0.001000s ]
INFO: [ app_end ] --END-- [ RunTime:0.001000s ]

[ 2017-11-14T00:39:22+08:00 ] ::1 /login/verify?t=1212
INFO: [ app_init ] --START--
INFO: Run Behavior\BuildLiteBehavior [ RunTime:0.000000s ]
INFO: [ app_init ] --END-- [ RunTime:0.001000s ]
INFO: [ app_begin ] --START--
INFO: Run Behavior\ReadHtmlCacheBehavior [ RunTime:0.001000s ]
INFO: [ app_begin ] --END-- [ RunTime:0.001000s ]
SQL: SHOW COLUMNS FROM `xy_admin_setting` [ RunTime:0.0010s ]
INFO: [ app_end ] --START--
INFO: Run Behavior\ShowPageTraceBehavior [ RunTime:0.001000s ]
INFO: [ app_end ] --END-- [ RunTime:0.001000s ]

[ 2017-11-14T00:39:22+08:00 ] ::1 /favicon.ico
INFO: [ app_init ] --START--
INFO: Run Behavior\BuildLiteBehavior [ RunTime:0.000000s ]
INFO: [ app_init ] --END-- [ RunTime:0.001000s ]

[ 2017-11-14T00:39:29+08:00 ] ::1 /login/login.html
INFO: [ app_init ] --START--
INFO: Run Behavior\BuildLiteBehavior [ RunTime:0.000000s ]
INFO: [ app_init ] --END-- [ RunTime:0.001000s ]
INFO: [ app_begin ] --START--
INFO: Run Behavior\ReadHtmlCacheBehavior [ RunTime:0.001000s ]
INFO: [ app_begin ] --END-- [ RunTime:0.001000s ]
SQL: SHOW COLUMNS FROM `xy_admin_setting` [ RunTime:0.0010s ]
SQL: SHOW COLUMNS FROM `xy_admins` [ RunTime:0.0020s ]
SQL: SELECT `id`,`name`,`password`,`type` FROM `xy_admins` WHERE `name` = 'admin' AND `password` = '66d6a1c8748025462128dc75bf5ae8d1' LIMIT 1   [ RunTime:0.0040s ]
NOTIC: [8] A session had already been started - ignoring session_start() D:\wamp64\www\xiangyou\wxapp\App\Admin\Controller\LoginController.class.php 第 49 行.
NOTIC: [8] Undefined index: sign D:\wamp64\www\xiangyou\wxapp\App\Admin\Controller\LoginController.class.php 第 62 行.

[ 2017-11-14T00:39:29+08:00 ] ::1 /Index/index.html
INFO: [ app_init ] --START--
INFO: Run Behavior\BuildLiteBehavior [ RunTime:0.000000s ]
INFO: [ app_init ] --END-- [ RunTime:0.001000s ]
INFO: [ app_begin ] --START--
INFO: Run Behavior\ReadHtmlCacheBehavior [ RunTime:0.000000s ]
INFO: [ app_begin ] --END-- [ RunTime:0.001000s ]
SQL: SHOW COLUMNS FROM `xy_admin_setting` [ RunTime:0.0010s ]
NOTIC: [8] A session had already been started - ignoring session_start() D:\wamp64\www\xiangyou\wxapp\App\Admin\Controller\ComController.class.php 第 131 行.
SQL: SHOW COLUMNS FROM `xy_admin_auth_group_access` [ RunTime:0.0030s ]
SQL: SELECT * FROM `xy_admin_auth_group_access` WHERE `uid` = 1 LIMIT 1   [ RunTime:0.0010s ]
SQL: SHOW COLUMNS FROM `xy_admins` [ RunTime:0.0010s ]
SQL: SELECT * FROM `xy_admins` WHERE `id` = 1 LIMIT 1   [ RunTime:0.0000s ]
SQL: SELECT * FROM xy_admin_auth_group g left join xy_admin_auth_group_access a on g.id=a.group_id where a.uid=1 [ RunTime:0.0030s ]
SQL: SELECT s.id,s.title,s.name,s.tips,s.pid,p.pid as ppid,p.title as ptitle FROM xy_admin_auth_rule s left join xy_admin_auth_rule p on p.id=s.pid where s.name='Index/index' [ RunTime:0.0040s ]
SQL: SELECT `k`,`v` FROM `xy_admin_setting`  [ RunTime:0.0010s ]
SQL: SHOW COLUMNS FROM `xy_admin_auth_rule` [ RunTime:0.0010s ]
SQL: SELECT `id`,`title`,`pid`,`name`,`icon` FROM `xy_admin_auth_rule` WHERE ( islink=1   ) ORDER BY o ASC  [ RunTime:0.0010s ]
SQL: SELECT s.id,s.title,s.name,s.tips,s.pid,p.pid as ppid,p.title as ptitle FROM xy_admin_auth_rule s left join xy_admin_auth_rule p on p.id=s.pid where s.name='Index/index' [ RunTime:0.0000s ]
SQL: SELECT `k`,`v` FROM `xy_admin_setting`  [ RunTime:0.0000s ]
SQL: SELECT `id`,`title`,`pid`,`name`,`icon` FROM `xy_admin_auth_rule` WHERE ( islink=1   ) ORDER BY o ASC  [ RunTime:0.0000s ]
INFO: [ view_parse ] --START--
INFO: [ template_filter ] --START--
INFO: Run Behavior\ContentReplaceBehavior [ RunTime:0.000000s ]
INFO: [ template_filter ] --END-- [ RunTime:0.001000s ]
NOTIC: [8] Undefined variable: juror D:\wamp64\www\xiangyou\wxapp\App\Runtime\Cache\Admin\9df924d9a2d217daa77a359c5bee0c33.php 第 182 行.
INFO: Run Behavior\ParseTemplateBehavior [ RunTime:0.035002s ]
INFO: [ view_parse ] --END-- [ RunTime:0.035002s ]
INFO: [ view_filter ] --START--
INFO: Run Behavior\WriteHtmlCacheBehavior [ RunTime:0.000000s ]
INFO: [ view_filter ] --END-- [ RunTime:0.002000s ]
INFO: [ app_end ] --START--
INFO: Run Behavior\ShowPageTraceBehavior [ RunTime:0.001001s ]
INFO: [ app_end ] --END-- [ RunTime:0.002001s ]

[ 2017-11-14T00:39:29+08:00 ] ::1 /Index/Index/main.html
INFO: [ app_init ] --START--
INFO: Run Behavior\BuildLiteBehavior [ RunTime:0.000000s ]
INFO: [ app_init ] --END-- [ RunTime:0.001000s ]
INFO: [ app_begin ] --START--
INFO: Run Behavior\ReadHtmlCacheBehavior [ RunTime:0.001000s ]
INFO: [ app_begin ] --END-- [ RunTime:0.001000s ]
SQL: SHOW COLUMNS FROM `xy_admin_setting` [ RunTime:0.0010s ]
NOTIC: [8] A session had already been started - ignoring session_start() D:\wamp64\www\xiangyou\wxapp\App\Admin\Controller\ComController.class.php 第 131 行.
SQL: SHOW COLUMNS FROM `xy_admin_auth_group_access` [ RunTime:0.0010s ]
SQL: SELECT * FROM `xy_admin_auth_group_access` WHERE `uid` = 1 LIMIT 1   [ RunTime:0.0010s ]
SQL: SHOW COLUMNS FROM `xy_admins` [ RunTime:0.0010s ]
SQL: SELECT * FROM `xy_admins` WHERE `id` = 1 LIMIT 1   [ RunTime:0.0000s ]
SQL: SELECT * FROM xy_admin_auth_group g left join xy_admin_auth_group_access a on g.id=a.group_id where a.uid=1 [ RunTime:0.0010s ]
SQL: SELECT s.id,s.title,s.name,s.tips,s.pid,p.pid as ppid,p.title as ptitle FROM xy_admin_auth_rule s left join xy_admin_auth_rule p on p.id=s.pid where s.name='Index/main' [ RunTime:0.0010s ]
NOTIC: [8] Undefined offset: 0 D:\wamp64\www\xiangyou\wxapp\App\Admin\Controller\ComController.class.php 第 67 行.
SQL: SELECT `k`,`v` FROM `xy_admin_setting`  [ RunTime:0.0000s ]
SQL: SHOW COLUMNS FROM `xy_admin_auth_rule` [ RunTime:0.0000s ]
SQL: SELECT `id`,`title`,`pid`,`name`,`icon` FROM `xy_admin_auth_rule` WHERE ( islink=1   ) ORDER BY o ASC  [ RunTime:0.0010s ]
SQL: SELECT s.id,s.title,s.name,s.tips,s.pid,p.pid as ppid,p.title as ptitle FROM xy_admin_auth_rule s left join xy_admin_auth_rule p on p.id=s.pid where s.name='Index/main' [ RunTime:0.0010s ]
NOTIC: [8] Undefined offset: 0 D:\wamp64\www\xiangyou\wxapp\App\Admin\Controller\ComController.class.php 第 87 行.
SQL: SELECT `k`,`v` FROM `xy_admin_setting`  [ RunTime:0.0000s ]
SQL: SELECT `id`,`title`,`pid`,`name`,`icon` FROM `xy_admin_auth_rule` WHERE ( islink=1   ) ORDER BY o ASC  [ RunTime:0.0010s ]
INFO: [ view_parse ] --START--
INFO: [ template_filter ] --START--
INFO: Run Behavior\ContentReplaceBehavior [ RunTime:0.000000s ]
INFO: [ template_filter ] --END-- [ RunTime:0.000000s ]
INFO: Run Behavior\ParseTemplateBehavior [ RunTime:0.010001s ]
INFO: [ view_parse ] --END-- [ RunTime:0.011001s ]
INFO: [ view_filter ] --START--
INFO: Run Behavior\WriteHtmlCacheBehavior [ RunTime:0.001000s ]
INFO: [ view_filter ] --END-- [ RunTime:0.001000s ]
INFO: [ app_end ] --START--
INFO: Run Behavior\ShowPageTraceBehavior [ RunTime:0.002000s ]
INFO: [ app_end ] --END-- [ RunTime:0.002000s ]

[ 2017-11-14T00:39:34+08:00 ] ::1 /user/index.html?v=3.0
INFO: [ app_init ] --START--
INFO: Run Behavior\BuildLiteBehavior [ RunTime:0.001000s ]
INFO: [ app_init ] --END-- [ RunTime:0.002000s ]
INFO: [ app_begin ] --START--
INFO: Run Behavior\ReadHtmlCacheBehavior [ RunTime:0.001000s ]
INFO: [ app_begin ] --END-- [ RunTime:0.001000s ]
SQL: SHOW COLUMNS FROM `xy_admin_setting` [ RunTime:0.0010s ]
NOTIC: [8] A session had already been started - ignoring session_start() D:\wamp64\www\xiangyou\wxapp\App\Admin\Controller\ComController.class.php 第 131 行.
SQL: SHOW COLUMNS FROM `xy_admin_auth_group_access` [ RunTime:0.0010s ]
SQL: SELECT * FROM `xy_admin_auth_group_access` WHERE `uid` = 1 LIMIT 1   [ RunTime:0.0010s ]
SQL: SHOW COLUMNS FROM `xy_admins` [ RunTime:0.0010s ]
SQL: SELECT * FROM `xy_admins` WHERE `id` = 1 LIMIT 1   [ RunTime:0.0000s ]
SQL: SELECT * FROM xy_admin_auth_group g left join xy_admin_auth_group_access a on g.id=a.group_id where a.uid=1 [ RunTime:0.0000s ]
SQL: SELECT s.id,s.title,s.name,s.tips,s.pid,p.pid as ppid,p.title as ptitle FROM xy_admin_auth_rule s left join xy_admin_auth_rule p on p.id=s.pid where s.name='User/index' [ RunTime:0.0010s ]
SQL: SELECT `k`,`v` FROM `xy_admin_setting`  [ RunTime:0.0000s ]
SQL: SHOW COLUMNS FROM `xy_admin_auth_rule` [ RunTime:0.0000s ]
SQL: SELECT `id`,`title`,`pid`,`name`,`icon` FROM `xy_admin_auth_rule` WHERE ( islink=1   ) ORDER BY o ASC  [ RunTime:0.0010s ]
SQL: SELECT s.id,s.title,s.name,s.tips,s.pid,p.pid as ppid,p.title as ptitle FROM xy_admin_auth_rule s left join xy_admin_auth_rule p on p.id=s.pid where s.name='User/index' [ RunTime:0.0010s ]
SQL: SELECT `k`,`v` FROM `xy_admin_setting`  [ RunTime:0.0010s ]
SQL: SELECT `id`,`title`,`pid`,`name`,`icon` FROM `xy_admin_auth_rule` WHERE ( islink=1   ) ORDER BY o ASC  [ RunTime:0.0010s ]
INFO: [ view_parse ] --START--
INFO: [ template_filter ] --START--
INFO: Run Behavior\ContentReplaceBehavior [ RunTime:0.000000s ]
INFO: [ template_filter ] --END-- [ RunTime:0.000000s ]
INFO: Run Behavior\ParseTemplateBehavior [ RunTime:0.017001s ]
INFO: [ view_parse ] --END-- [ RunTime:0.017001s ]
INFO: [ view_filter ] --START--
INFO: Run Behavior\WriteHtmlCacheBehavior [ RunTime:0.000000s ]
INFO: [ view_filter ] --END-- [ RunTime:0.000000s ]
INFO: [ app_end ] --START--
INFO: Run Behavior\ShowPageTraceBehavior [ RunTime:0.001000s ]
INFO: [ app_end ] --END-- [ RunTime:0.001000s ]

[ 2017-11-14T00:39:34+08:00 ] ::1 /User/userlist.html
INFO: [ app_init ] --START--
INFO: Run Behavior\BuildLiteBehavior [ RunTime:0.000000s ]
INFO: [ app_init ] --END-- [ RunTime:0.001000s ]
INFO: [ app_begin ] --START--
INFO: Run Behavior\ReadHtmlCacheBehavior [ RunTime:0.001000s ]
INFO: [ app_begin ] --END-- [ RunTime:0.001000s ]
SQL: SHOW COLUMNS FROM `xy_admin_setting` [ RunTime:0.0010s ]
NOTIC: [8] A session had already been started - ignoring session_start() D:\wamp64\www\xiangyou\wxapp\App\Admin\Controller\ComController.class.php 第 131 行.
SQL: SHOW COLUMNS FROM `xy_admin_auth_group_access` [ RunTime:0.0010s ]
SQL: SELECT * FROM `xy_admin_auth_group_access` WHERE `uid` = 1 LIMIT 1   [ RunTime:0.0000s ]
SQL: SHOW COLUMNS FROM `xy_admins` [ RunTime:0.0010s ]
SQL: SELECT * FROM `xy_admins` WHERE `id` = 1 LIMIT 1   [ RunTime:0.0000s ]
SQL: SELECT * FROM xy_admin_auth_group g left join xy_admin_auth_group_access a on g.id=a.group_id where a.uid=1 [ RunTime:0.0000s ]
SQL: SELECT s.id,s.title,s.name,s.tips,s.pid,p.pid as ppid,p.title as ptitle FROM xy_admin_auth_rule s left join xy_admin_auth_rule p on p.id=s.pid where s.name='User/userlist' [ RunTime:0.0010s ]
NOTIC: [8] Undefined offset: 0 D:\wamp64\www\xiangyou\wxapp\App\Admin\Controller\ComController.class.php 第 67 行.
SQL: SELECT `k`,`v` FROM `xy_admin_setting`  [ RunTime:0.0000s ]
SQL: SHOW COLUMNS FROM `xy_admin_auth_rule` [ RunTime:0.0010s ]
SQL: SELECT `id`,`title`,`pid`,`name`,`icon` FROM `xy_admin_auth_rule` WHERE ( islink=1   ) ORDER BY o ASC  [ RunTime:0.0000s ]
SQL: SELECT s.id,s.title,s.name,s.tips,s.pid,p.pid as ppid,p.title as ptitle FROM xy_admin_auth_rule s left join xy_admin_auth_rule p on p.id=s.pid where s.name='User/userlist' [ RunTime:0.0000s ]
NOTIC: [8] Undefined offset: 0 D:\wamp64\www\xiangyou\wxapp\App\Admin\Controller\ComController.class.php 第 87 行.
SQL: SELECT `k`,`v` FROM `xy_admin_setting`  [ RunTime:0.0000s ]
SQL: SELECT `id`,`title`,`pid`,`name`,`icon` FROM `xy_admin_auth_rule` WHERE ( islink=1   ) ORDER BY o ASC  [ RunTime:0.0000s ]
SQL: SHOW COLUMNS FROM `xy_user` [ RunTime:0.0040s ]
SQL: SELECT * FROM `xy_user`  [ RunTime:0.0000s ]

[ 2017-11-14T00:39:37+08:00 ] ::1 /User/detail/id/2
INFO: [ app_init ] --START--
INFO: Run Behavior\BuildLiteBehavior [ RunTime:0.000000s ]
INFO: [ app_init ] --END-- [ RunTime:0.000000s ]
INFO: [ app_begin ] --START--
INFO: Run Behavior\ReadHtmlCacheBehavior [ RunTime:0.001000s ]
INFO: [ app_begin ] --END-- [ RunTime:0.001000s ]
SQL: SHOW COLUMNS FROM `xy_admin_setting` [ RunTime:0.0010s ]
NOTIC: [8] A session had already been started - ignoring session_start() D:\wamp64\www\xiangyou\wxapp\App\Admin\Controller\ComController.class.php 第 131 行.
SQL: SHOW COLUMNS FROM `xy_admin_auth_group_access` [ RunTime:0.0010s ]
SQL: SELECT * FROM `xy_admin_auth_group_access` WHERE `uid` = 1 LIMIT 1   [ RunTime:0.0000s ]
SQL: SHOW COLUMNS FROM `xy_admins` [ RunTime:0.0010s ]
SQL: SELECT * FROM `xy_admins` WHERE `id` = 1 LIMIT 1   [ RunTime:0.0000s ]
SQL: SELECT * FROM xy_admin_auth_group g left join xy_admin_auth_group_access a on g.id=a.group_id where a.uid=1 [ RunTime:0.0000s ]
SQL: SELECT s.id,s.title,s.name,s.tips,s.pid,p.pid as ppid,p.title as ptitle FROM xy_admin_auth_rule s left join xy_admin_auth_rule p on p.id=s.pid where s.name='User/detail' [ RunTime:0.0010s ]
NOTIC: [8] Undefined offset: 0 D:\wamp64\www\xiangyou\wxapp\App\Admin\Controller\ComController.class.php 第 67 行.
SQL: SELECT `k`,`v` FROM `xy_admin_setting`  [ RunTime:0.0000s ]
SQL: SHOW COLUMNS FROM `xy_admin_auth_rule` [ RunTime:0.0010s ]
SQL: SELECT `id`,`title`,`pid`,`name`,`icon` FROM `xy_admin_auth_rule` WHERE ( islink=1   ) ORDER BY o ASC  [ RunTime:0.0000s ]
SQL: SELECT s.id,s.title,s.name,s.tips,s.pid,p.pid as ppid,p.title as ptitle FROM xy_admin_auth_rule s left join xy_admin_auth_rule p on p.id=s.pid where s.name='User/detail' [ RunTime:0.0000s ]
NOTIC: [8] Undefined offset: 0 D:\wamp64\www\xiangyou\wxapp\App\Admin\Controller\ComController.class.php 第 87 行.
SQL: SELECT `k`,`v` FROM `xy_admin_setting`  [ RunTime:0.0000s ]
SQL: SELECT `id`,`title`,`pid`,`name`,`icon` FROM `xy_admin_auth_rule` WHERE ( islink=1   ) ORDER BY o ASC  [ RunTime:0.0000s ]
SQL: SHOW COLUMNS FROM `xy_userinfo` [ RunTime:0.0030s ]
SQL: SELECT * FROM `xy_userinfo` WHERE `uid` = 2 LIMIT 1   [ RunTime:0.0000s ]
INFO: [ view_parse ] --START--
INFO: [ template_filter ] --START--
INFO: Run Behavior\ContentReplaceBehavior [ RunTime:0.000000s ]
INFO: [ template_filter ] --END-- [ RunTime:0.000000s ]
NOTIC: [8] Undefined variable: member D:\wamp64\www\xiangyou\wxapp\App\Runtime\Cache\Admin\77534c7d53de812e0d7d194c8aa4383c.php 第 108 行.
INFO: Run Behavior\ParseTemplateBehavior [ RunTime:0.018001s ]
INFO: [ view_parse ] --END-- [ RunTime:0.018001s ]
INFO: [ view_filter ] --START--
INFO: Run Behavior\WriteHtmlCacheBehavior [ RunTime:0.001000s ]
INFO: [ view_filter ] --END-- [ RunTime:0.001000s ]
INFO: [ app_end ] --START--
INFO: Run Behavior\ShowPageTraceBehavior [ RunTime:0.001000s ]
INFO: [ app_end ] --END-- [ RunTime:0.001000s ]

[ 2017-11-14T00:39:37+08:00 ] ::1 /Public/qwadmin/js/function.js
INFO: [ app_init ] --START--
INFO: Run Behavior\BuildLiteBehavior [ RunTime:0.000000s ]
INFO: [ app_init ] --END-- [ RunTime:0.001000s ]
INFO: [ app_begin ] --START--
INFO: Run Behavior\ReadHtmlCacheBehavior [ RunTime:0.001000s ]
INFO: [ app_begin ] --END-- [ RunTime:0.001000s ]
INFO: [ view_parse ] --START--
INFO: [ template_filter ] --START--
INFO: Run Behavior\ContentReplaceBehavior [ RunTime:0.000000s ]
INFO: [ template_filter ] --END-- [ RunTime:0.001000s ]
INFO: Run Behavior\ParseTemplateBehavior [ RunTime:0.009001s ]
INFO: [ view_parse ] --END-- [ RunTime:0.009001s ]
INFO: [ view_filter ] --START--
INFO: Run Behavior\WriteHtmlCacheBehavior [ RunTime:0.001000s ]
INFO: [ view_filter ] --END-- [ RunTime:0.001000s ]
INFO: [ app_end ] --START--
INFO: Run Behavior\ShowPageTraceBehavior [ RunTime:0.001000s ]
INFO: [ app_end ] --END-- [ RunTime:0.001000s ]

[ 2017-11-14T00:39:48+08:00 ] ::1 /user/index.html?v=3.0
INFO: [ app_init ] --START--
INFO: Run Behavior\BuildLiteBehavior [ RunTime:0.001000s ]
INFO: [ app_init ] --END-- [ RunTime:0.002000s ]
INFO: [ app_begin ] --START--
INFO: Run Behavior\ReadHtmlCacheBehavior [ RunTime:0.001000s ]
INFO: [ app_begin ] --END-- [ RunTime:0.001000s ]
SQL: SHOW COLUMNS FROM `xy_admin_setting` [ RunTime:0.0010s ]
NOTIC: [8] A session had already been started - ignoring session_start() D:\wamp64\www\xiangyou\wxapp\App\Admin\Controller\ComController.class.php 第 131 行.
SQL: SHOW COLUMNS FROM `xy_admin_auth_group_access` [ RunTime:0.0010s ]
SQL: SELECT * FROM `xy_admin_auth_group_access` WHERE `uid` = 1 LIMIT 1   [ RunTime:0.0000s ]
SQL: SHOW COLUMNS FROM `xy_admins` [ RunTime:0.0010s ]
SQL: SELECT * FROM `xy_admins` WHERE `id` = 1 LIMIT 1   [ RunTime:0.0000s ]
SQL: SELECT * FROM xy_admin_auth_group g left join xy_admin_auth_group_access a on g.id=a.group_id where a.uid=1 [ RunTime:0.0000s ]
SQL: SELECT s.id,s.title,s.name,s.tips,s.pid,p.pid as ppid,p.title as ptitle FROM xy_admin_auth_rule s left join xy_admin_auth_rule p on p.id=s.pid where s.name='User/index' [ RunTime:0.0010s ]
SQL: SELECT `k`,`v` FROM `xy_admin_setting`  [ RunTime:0.0010s ]
SQL: SHOW COLUMNS FROM `xy_admin_auth_rule` [ RunTime:0.0010s ]
SQL: SELECT `id`,`title`,`pid`,`name`,`icon` FROM `xy_admin_auth_rule` WHERE ( islink=1   ) ORDER BY o ASC  [ RunTime:0.0010s ]
SQL: SELECT s.id,s.title,s.name,s.tips,s.pid,p.pid as ppid,p.title as ptitle FROM xy_admin_auth_rule s left join xy_admin_auth_rule p on p.id=s.pid where s.name='User/index' [ RunTime:0.0000s ]
SQL: SELECT `k`,`v` FROM `xy_admin_setting`  [ RunTime:0.0010s ]
SQL: SELECT `id`,`title`,`pid`,`name`,`icon` FROM `xy_admin_auth_rule` WHERE ( islink=1   ) ORDER BY o ASC  [ RunTime:0.0010s ]
INFO: [ view_parse ] --START--
INFO: [ template_filter ] --START--
INFO: Run Behavior\ContentReplaceBehavior [ RunTime:0.000000s ]
INFO: [ template_filter ] --END-- [ RunTime:0.000000s ]
INFO: Run Behavior\ParseTemplateBehavior [ RunTime:0.014001s ]
INFO: [ view_parse ] --END-- [ RunTime:0.014001s ]
INFO: [ view_filter ] --START--
INFO: Run Behavior\WriteHtmlCacheBehavior [ RunTime:0.000000s ]
INFO: [ view_filter ] --END-- [ RunTime:0.000000s ]
INFO: [ app_end ] --START--
INFO: Run Behavior\ShowPageTraceBehavior [ RunTime:0.001000s ]
INFO: [ app_end ] --END-- [ RunTime:0.001000s ]

[ 2017-11-14T00:39:49+08:00 ] ::1 /User/userlist.html
INFO: [ app_init ] --START--
INFO: Run Behavior\BuildLiteBehavior [ RunTime:0.000000s ]
INFO: [ app_init ] --END-- [ RunTime:0.000000s ]
INFO: [ app_begin ] --START--
INFO: Run Behavior\ReadHtmlCacheBehavior [ RunTime:0.001000s ]
INFO: [ app_begin ] --END-- [ RunTime:0.001000s ]
SQL: SHOW COLUMNS FROM `xy_admin_setting` [ RunTime:0.0010s ]
NOTIC: [8] A session had already been started - ignoring session_start() D:\wamp64\www\xiangyou\wxapp\App\Admin\Controller\ComController.class.php 第 131 行.
SQL: SHOW COLUMNS FROM `xy_admin_auth_group_access` [ RunTime:0.0010s ]
SQL: SELECT * FROM `xy_admin_auth_group_access` WHERE `uid` = 1 LIMIT 1   [ RunTime:0.0000s ]
SQL: SHOW COLUMNS FROM `xy_admins` [ RunTime:0.0010s ]
SQL: SELECT * FROM `xy_admins` WHERE `id` = 1 LIMIT 1   [ RunTime:0.0010s ]
SQL: SELECT * FROM xy_admin_auth_group g left join xy_admin_auth_group_access a on g.id=a.group_id where a.uid=1 [ RunTime:0.0010s ]
SQL: SELECT s.id,s.title,s.name,s.tips,s.pid,p.pid as ppid,p.title as ptitle FROM xy_admin_auth_rule s left join xy_admin_auth_rule p on p.id=s.pid where s.name='User/userlist' [ RunTime:0.0010s ]
NOTIC: [8] Undefined offset: 0 D:\wamp64\www\xiangyou\wxapp\App\Admin\Controller\ComController.class.php 第 67 行.
SQL: SELECT `k`,`v` FROM `xy_admin_setting`  [ RunTime:0.0010s ]
SQL: SHOW COLUMNS FROM `xy_admin_auth_rule` [ RunTime:0.0010s ]
SQL: SELECT `id`,`title`,`pid`,`name`,`icon` FROM `xy_admin_auth_rule` WHERE ( islink=1   ) ORDER BY o ASC  [ RunTime:0.0010s ]
SQL: SELECT s.id,s.title,s.name,s.tips,s.pid,p.pid as ppid,p.title as ptitle FROM xy_admin_auth_rule s left join xy_admin_auth_rule p on p.id=s.pid where s.name='User/userlist' [ RunTime:0.0000s ]
NOTIC: [8] Undefined offset: 0 D:\wamp64\www\xiangyou\wxapp\App\Admin\Controller\ComController.class.php 第 87 行.
SQL: SELECT `k`,`v` FROM `xy_admin_setting`  [ RunTime:0.0000s ]
SQL: SELECT `id`,`title`,`pid`,`name`,`icon` FROM `xy_admin_auth_rule` WHERE ( islink=1   ) ORDER BY o ASC  [ RunTime:0.0010s ]
SQL: SHOW COLUMNS FROM `xy_user` [ RunTime:0.0010s ]
SQL: SELECT * FROM `xy_user`  [ RunTime:0.0000s ]

